2024-11-01 01:29:52.623 [info] [主要] 記錄層級：Info
2024-11-01 01:29:52.623 [info] [主要] 正在驗證在下列位置找到的 Git："git"
2024-11-01 01:29:52.623 [info] [主要] 正在使用來自 "git" 的 Git "2.34.1"
2024-11-01 01:29:52.623 [info] [Model][doInitialScan] Initial repository scan started
2024-11-01 01:29:52.623 [info] > git rev-parse --show-toplevel [12ms]
2024-11-01 01:29:52.623 [info] fatal: not a git repository (or any of the parent directories): .git
2024-11-01 01:29:52.623 [info] > git rev-parse --show-toplevel [19ms]
2024-11-01 01:29:52.623 [info] fatal: not a git repository (or any of the parent directories): .git
2024-11-01 01:29:52.628 [info] > git rev-parse --show-toplevel [6ms]
2024-11-01 01:29:52.629 [info] fatal: not a git repository (or any of the parent directories): .git
2024-11-01 01:29:52.646 [info] > git rev-parse --show-toplevel [7ms]
2024-11-01 01:29:52.646 [info] fatal: not a git repository (or any of the parent directories): .git
2024-11-01 01:29:52.663 [info] > git rev-parse --show-toplevel [10ms]
2024-11-01 01:29:52.664 [info] fatal: not a git repository (or any of the parent directories): .git
2024-11-01 01:29:52.671 [info] [Model][doInitialScan] Initial repository scan completed - repositories (0), closed repositories (0), parent repositories (0), unsafe repositories (0)
2024-11-01 01:29:52.844 [info] > git rev-parse --show-toplevel [3ms]
2024-11-01 01:29:52.844 [info] fatal: not a git repository (or any of the parent directories): .git
2024-11-01 01:29:52.949 [info] > git rev-parse --show-toplevel [1ms]
2024-11-01 01:29:52.949 [info] fatal: not a git repository (or any of the parent directories): .git
2024-11-01 01:29:53.309 [info] > git rev-parse --show-toplevel [2ms]
2024-11-01 01:29:53.309 [info] fatal: not a git repository (or any of the parent directories): .git
2024-11-01 01:29:53.432 [info] > git rev-parse --show-toplevel [8ms]
2024-11-01 01:29:53.432 [info] fatal: not a git repository (or any of the parent directories): .git
2024-11-01 01:29:53.680 [info] > git rev-parse --show-toplevel [1ms]
2024-11-01 01:29:53.680 [info] fatal: not a git repository (or any of the parent directories): .git
2024-11-01 01:33:53.557 [info] > git rev-parse --show-toplevel [2ms]
2024-11-01 01:33:53.564 [info] > git rev-parse --git-dir --git-common-dir [1ms]
2024-11-01 01:33:53.583 [info] [Model][openRepository] Opened repository: /home/yanyi
2024-11-01 01:33:53.601 [info] > git config --get commit.template [9ms]
2024-11-01 01:33:53.602 [info] [Git][getRemotes] No remotes found in the git config file
2024-11-01 01:33:53.602 [info] > git for-each-ref --format=%(refname)%00%(upstream:short)%00%(objectname)%00%(upstream:track)%00%(upstream:remotename)%00%(upstream:remoteref) refs/heads/master refs/remotes/master [3ms]
2024-11-01 01:33:53.603 [warning] [Git][getBranch] No such branch: master
2024-11-01 01:33:53.622 [info] > git for-each-ref --sort -committerdate --format %(refname) %(objectname) %(*objectname) [5ms]
2024-11-01 01:33:53.631 [info] > git status -z -uall [21ms]
2024-11-01 01:33:54.006 [info] > git for-each-ref --format=%(refname)%00%(upstream:short)%00%(objectname)%00%(upstream:track)%00%(upstream:remotename)%00%(upstream:remoteref) refs/heads/master refs/remotes/master [310ms]
2024-11-01 01:33:54.006 [warning] [Git][getBranch] No such branch: master
2024-11-01 01:33:54.007 [error] [GitHistoryProvider][resolveHEADMergeBase] Failed to resolve merge base for master: Error: No such branch: master.
2024-11-01 01:33:54.012 [info] > git config --get commit.template [15ms]
2024-11-01 01:33:54.017 [info] [Git][getRemotes] No remotes found in the git config file
2024-11-01 01:33:54.019 [info] > git for-each-ref --format=%(refname)%00%(upstream:short)%00%(objectname)%00%(upstream:track)%00%(upstream:remotename)%00%(upstream:remoteref) refs/heads/master refs/remotes/master [1ms]
2024-11-01 01:33:54.019 [warning] [Git][getBranch] No such branch: master
2024-11-01 01:33:54.035 [info] > git for-each-ref --sort -committerdate --format %(refname) %(objectname) %(*objectname) [6ms]
2024-11-01 01:33:54.038 [info] > git status -z -uall [14ms]
2024-11-01 01:33:54.507 [info] > git check-ignore -v -z --stdin [1ms]
2024-11-01 01:34:00.521 [info] > git config --get commit.template [1ms]
2024-11-01 01:34:00.523 [info] [Git][getRemotes] No remotes found in the git config file
2024-11-01 01:34:00.524 [info] > git for-each-ref --format=%(refname)%00%(upstream:short)%00%(objectname)%00%(upstream:track)%00%(upstream:remotename)%00%(upstream:remoteref) refs/heads/master refs/remotes/master [1ms]
2024-11-01 01:34:00.524 [warning] [Git][getBranch] No such branch: master
2024-11-01 01:34:00.530 [info] > git for-each-ref --sort -committerdate --format %(refname) %(objectname) %(*objectname) [1ms]
2024-11-01 01:34:00.535 [info] > git status -z -uall [9ms]
2024-11-01 01:34:02.052 [info] > git for-each-ref --sort -committerdate --format %(refname) %(objectname) %(*objectname) [1ms]
2024-11-01 01:34:05.561 [info] [Git][getRemotes] No remotes found in the git config file
2024-11-01 01:34:05.563 [info] > git config --get commit.template [7ms]
2024-11-01 01:34:05.564 [info] > git for-each-ref --format=%(refname)%00%(upstream:short)%00%(objectname)%00%(upstream:track)%00%(upstream:remotename)%00%(upstream:remoteref) refs/heads/master refs/remotes/master [2ms]
2024-11-01 01:34:05.564 [warning] [Git][getBranch] No such branch: master
2024-11-01 01:34:05.575 [info] > git for-each-ref --sort -committerdate --format %(refname) %(objectname) %(*objectname) [2ms]
2024-11-01 01:34:05.579 [info] > git status -z -uall [11ms]
2024-11-01 01:34:51.900 [info] > git config --get commit.template [2ms]
2024-11-01 01:34:51.909 [info] [Git][getRemotes] No remotes found in the git config file
2024-11-01 01:34:51.913 [info] > git for-each-ref --format=%(refname)%00%(upstream:short)%00%(objectname)%00%(upstream:track)%00%(upstream:remotename)%00%(upstream:remoteref) refs/heads/master refs/remotes/master [5ms]
2024-11-01 01:34:51.913 [warning] [Git][getBranch] No such branch: master
2024-11-01 01:34:51.929 [info] > git for-each-ref --sort -committerdate --format %(refname) %(objectname) %(*objectname) [1ms]
2024-11-01 01:34:51.934 [info] > git status -z -uall [14ms]
2024-11-01 01:35:32.963 [info] [Git][getRemotes] No remotes found in the git config file
2024-11-01 01:35:32.965 [info] > git config --get commit.template [12ms]
2024-11-01 01:35:32.968 [info] > git for-each-ref --format=%(refname)%00%(upstream:short)%00%(objectname)%00%(upstream:track)%00%(upstream:remotename)%00%(upstream:remoteref) refs/heads/master refs/remotes/master [5ms]
2024-11-01 01:35:32.968 [warning] [Git][getBranch] No such branch: master
2024-11-01 01:35:32.986 [info] > git for-each-ref --sort -committerdate --format %(refname) %(objectname) %(*objectname) [3ms]
2024-11-01 01:35:32.996 [info] > git status -z -uall [20ms]
2024-11-01 01:35:38.032 [info] [Git][getRemotes] No remotes found in the git config file
2024-11-01 01:35:38.033 [info] > git config --get commit.template [4ms]
2024-11-01 01:35:38.033 [info] > git for-each-ref --format=%(refname)%00%(upstream:short)%00%(objectname)%00%(upstream:track)%00%(upstream:remotename)%00%(upstream:remoteref) refs/heads/master refs/remotes/master [1ms]
2024-11-01 01:35:38.033 [warning] [Git][getBranch] No such branch: master
2024-11-01 01:35:38.038 [info] > git for-each-ref --sort -committerdate --format %(refname) %(objectname) %(*objectname) [1ms]
2024-11-01 01:35:38.042 [info] > git status -z -uall [7ms]
2024-11-01 01:36:19.540 [info] > git config --get commit.template [4ms]
2024-11-01 01:36:19.548 [info] > git for-each-ref --format=%(refname)%00%(upstream:short)%00%(objectname)%00%(upstream:track)%00%(upstream:remotename)%00%(upstream:remoteref) refs/heads/master refs/remotes/master [3ms]
2024-11-01 01:36:19.549 [warning] [Git][getBranch] No such branch: master
2024-11-01 01:36:19.560 [info] > git for-each-ref --sort -committerdate --format %(refname) %(objectname) %(*objectname) [1ms]
2024-11-01 01:36:19.566 [info] > git status -z -uall [12ms]
2024-11-01 01:36:24.595 [info] > git config --get commit.template [3ms]
2024-11-01 01:36:24.596 [info] > git for-each-ref --format=%(refname)%00%(upstream:short)%00%(objectname)%00%(upstream:track)%00%(upstream:remotename)%00%(upstream:remoteref) refs/heads/master refs/remotes/master [1ms]
2024-11-01 01:36:24.596 [warning] [Git][getBranch] No such branch: master
2024-11-01 01:36:24.602 [info] > git for-each-ref --sort -committerdate --format %(refname) %(objectname) %(*objectname) [1ms]
2024-11-01 01:36:24.605 [info] > git status -z -uall [7ms]
2024-11-01 01:36:29.627 [info] > git config --get commit.template [1ms]
2024-11-01 01:36:29.630 [info] > git for-each-ref --format=%(refname)%00%(upstream:short)%00%(objectname)%00%(upstream:track)%00%(upstream:remotename)%00%(upstream:remoteref) refs/heads/master refs/remotes/master [1ms]
2024-11-01 01:36:29.631 [warning] [Git][getBranch] No such branch: master
2024-11-01 01:36:29.637 [info] > git for-each-ref --sort -committerdate --format %(refname) %(objectname) %(*objectname) [1ms]
2024-11-01 01:36:29.642 [info] > git status -z -uall [9ms]
2024-11-01 01:36:34.669 [info] > git config --get commit.template [2ms]
2024-11-01 01:36:34.669 [info] > git for-each-ref --format=%(refname)%00%(upstream:short)%00%(objectname)%00%(upstream:track)%00%(upstream:remotename)%00%(upstream:remoteref) refs/heads/master refs/remotes/master [1ms]
2024-11-01 01:36:34.669 [warning] [Git][getBranch] No such branch: master
2024-11-01 01:36:34.673 [info] > git for-each-ref --sort -committerdate --format %(refname) %(objectname) %(*objectname) [1ms]
2024-11-01 01:36:34.677 [info] > git status -z -uall [6ms]
2024-11-01 01:36:42.215 [info] > git config --get commit.template [11ms]
2024-11-01 01:36:42.215 [info] > git for-each-ref --format=%(refname)%00%(upstream:short)%00%(objectname)%00%(upstream:track)%00%(upstream:remotename)%00%(upstream:remoteref) refs/heads/master refs/remotes/master [2ms]
2024-11-01 01:36:42.216 [warning] [Git][getBranch] No such branch: master
2024-11-01 01:36:42.229 [info] > git for-each-ref --sort -committerdate --format %(refname) %(objectname) %(*objectname) [3ms]
2024-11-01 01:36:42.234 [info] > git status -z -uall [13ms]
2024-11-01 01:36:47.255 [info] > git config --get commit.template [3ms]
2024-11-01 01:36:47.255 [info] > git for-each-ref --format=%(refname)%00%(upstream:short)%00%(objectname)%00%(upstream:track)%00%(upstream:remotename)%00%(upstream:remoteref) refs/heads/master refs/remotes/master [1ms]
2024-11-01 01:36:47.255 [warning] [Git][getBranch] No such branch: master
2024-11-01 01:36:47.263 [info] > git for-each-ref --sort -committerdate --format %(refname) %(objectname) %(*objectname) [2ms]
2024-11-01 01:36:47.268 [info] > git status -z -uall [10ms]
2024-11-01 01:37:12.636 [info] > git config --get commit.template [15ms]
2024-11-01 01:37:12.637 [info] > git for-each-ref --format=%(refname)%00%(upstream:short)%00%(objectname)%00%(upstream:track)%00%(upstream:remotename)%00%(upstream:remoteref) refs/heads/master refs/remotes/master [2ms]
2024-11-01 01:37:12.637 [warning] [Git][getBranch] No such branch: master
2024-11-01 01:37:12.654 [info] > git for-each-ref --sort -committerdate --format %(refname) %(objectname) %(*objectname) [4ms]
2024-11-01 01:37:12.655 [info] > git status -z -uall [13ms]
2024-11-01 01:37:17.684 [info] > git config --get commit.template [3ms]
2024-11-01 01:37:17.684 [info] > git for-each-ref --format=%(refname)%00%(upstream:short)%00%(objectname)%00%(upstream:track)%00%(upstream:remotename)%00%(upstream:remoteref) refs/heads/master refs/remotes/master [0ms]
2024-11-01 01:37:17.685 [warning] [Git][getBranch] No such branch: master
2024-11-01 01:37:17.690 [info] > git for-each-ref --sort -committerdate --format %(refname) %(objectname) %(*objectname) [0ms]
2024-11-01 01:37:17.693 [info] > git status -z -uall [6ms]
2024-11-01 01:37:20.213 [info] > git check-ignore -v -z --stdin [1ms]
2024-11-01 01:37:22.713 [info] > git config --get commit.template [3ms]
2024-11-01 01:37:22.714 [info] > git for-each-ref --format=%(refname)%00%(upstream:short)%00%(objectname)%00%(upstream:track)%00%(upstream:remotename)%00%(upstream:remoteref) refs/heads/master refs/remotes/master [1ms]
2024-11-01 01:37:22.714 [warning] [Git][getBranch] No such branch: master
2024-11-01 01:37:22.721 [info] > git for-each-ref --sort -committerdate --format %(refname) %(objectname) %(*objectname) [1ms]
2024-11-01 01:37:22.725 [info] > git status -z -uall [8ms]
2024-11-01 01:37:22.814 [info] > git show --textconv :.sudo_as_admin_successful [3ms]
2024-11-01 01:37:22.815 [info] > git ls-files --stage -- /home/yanyi/.sudo_as_admin_successful [2ms]
2024-11-01 01:37:27.767 [info] > git config --get commit.template [11ms]
2024-11-01 01:37:27.767 [info] > git for-each-ref --format=%(refname)%00%(upstream:short)%00%(objectname)%00%(upstream:track)%00%(upstream:remotename)%00%(upstream:remoteref) refs/heads/master refs/remotes/master [3ms]
2024-11-01 01:37:27.767 [warning] [Git][getBranch] No such branch: master
2024-11-01 01:37:27.772 [info] > git for-each-ref --sort -committerdate --format %(refname) %(objectname) %(*objectname) [1ms]
2024-11-01 01:37:27.776 [info] > git status -z -uall [7ms]
2024-11-01 01:37:32.796 [info] > git config --get commit.template [3ms]
2024-11-01 01:37:32.796 [info] > git for-each-ref --format=%(refname)%00%(upstream:short)%00%(objectname)%00%(upstream:track)%00%(upstream:remotename)%00%(upstream:remoteref) refs/heads/master refs/remotes/master [0ms]
2024-11-01 01:37:32.796 [warning] [Git][getBranch] No such branch: master
2024-11-01 01:37:32.800 [info] > git for-each-ref --sort -committerdate --format %(refname) %(objectname) %(*objectname) [0ms]
2024-11-01 01:37:32.804 [info] > git status -z -uall [6ms]
2024-11-01 01:37:33.357 [info] > git show --textconv :.gitconfig [2ms]
2024-11-01 01:37:33.358 [info] > git ls-files --stage -- /home/yanyi/.gitconfig [1ms]
2024-11-01 01:38:23.506 [info] > git config --get commit.template [9ms]
2024-11-01 01:38:23.506 [info] > git for-each-ref --format=%(refname)%00%(upstream:short)%00%(objectname)%00%(upstream:track)%00%(upstream:remotename)%00%(upstream:remoteref) refs/heads/master refs/remotes/master [1ms]
2024-11-01 01:38:23.507 [warning] [Git][getBranch] No such branch: master
2024-11-01 01:38:23.517 [info] > git for-each-ref --sort -committerdate --format %(refname) %(objectname) %(*objectname) [2ms]
2024-11-01 01:38:23.521 [info] > git status -z -uall [11ms]
2024-11-01 01:38:26.023 [info] > git ls-files --stage -- /home/yanyi/.gitconfig [1ms]
2024-11-01 01:38:26.030 [info] > git show --textconv :.gitconfig [1ms]
2024-11-01 01:38:28.555 [info] > git config --get commit.template [3ms]
2024-11-01 01:38:28.555 [info] > git for-each-ref --format=%(refname)%00%(upstream:short)%00%(objectname)%00%(upstream:track)%00%(upstream:remotename)%00%(upstream:remoteref) refs/heads/master refs/remotes/master [1ms]
2024-11-01 01:38:28.555 [warning] [Git][getBranch] No such branch: master
2024-11-01 01:38:28.559 [info] > git for-each-ref --sort -committerdate --format %(refname) %(objectname) %(*objectname) [0ms]
2024-11-01 01:38:28.563 [info] > git status -z -uall [6ms]
2024-11-01 01:38:33.598 [info] > git config --get commit.template [3ms]
2024-11-01 01:38:33.598 [info] > git for-each-ref --format=%(refname)%00%(upstream:short)%00%(objectname)%00%(upstream:track)%00%(upstream:remotename)%00%(upstream:remoteref) refs/heads/master refs/remotes/master [1ms]
2024-11-01 01:38:33.598 [warning] [Git][getBranch] No such branch: master
2024-11-01 01:38:33.603 [info] > git for-each-ref --sort -committerdate --format %(refname) %(objectname) %(*objectname) [1ms]
2024-11-01 01:38:33.607 [info] > git status -z -uall [7ms]
2024-11-01 01:38:38.634 [info] > git config --get commit.template [4ms]
2024-11-01 01:38:38.634 [info] > git for-each-ref --format=%(refname)%00%(upstream:short)%00%(objectname)%00%(upstream:track)%00%(upstream:remotename)%00%(upstream:remoteref) refs/heads/master refs/remotes/master [1ms]
2024-11-01 01:38:38.634 [warning] [Git][getBranch] No such branch: master
2024-11-01 01:38:38.639 [info] > git for-each-ref --sort -committerdate --format %(refname) %(objectname) %(*objectname) [0ms]
2024-11-01 01:38:38.644 [info] > git status -z -uall [7ms]
2024-11-01 01:38:54.880 [info] > git config --get commit.template [12ms]
2024-11-01 01:38:54.881 [info] > git for-each-ref --format=%(refname)%00%(upstream:short)%00%(objectname)%00%(upstream:track)%00%(upstream:remotename)%00%(upstream:remoteref) refs/heads/master refs/remotes/master [2ms]
2024-11-01 01:38:54.882 [warning] [Git][getBranch] No such branch: master
2024-11-01 01:38:54.890 [info] > git for-each-ref --sort -committerdate --format %(refname) %(objectname) %(*objectname) [1ms]
2024-11-01 01:38:54.895 [info] > git status -z -uall [10ms]
2024-11-01 01:38:59.924 [info] > git config --get commit.template [5ms]
2024-11-01 01:38:59.925 [info] > git for-each-ref --format=%(refname)%00%(upstream:short)%00%(objectname)%00%(upstream:track)%00%(upstream:remotename)%00%(upstream:remoteref) refs/heads/master refs/remotes/master [2ms]
2024-11-01 01:38:59.925 [warning] [Git][getBranch] No such branch: master
2024-11-01 01:38:59.933 [info] > git for-each-ref --sort -committerdate --format %(refname) %(objectname) %(*objectname) [2ms]
2024-11-01 01:38:59.939 [info] > git status -z -uall [10ms]
2024-11-01 01:39:04.975 [info] > git config --get commit.template [3ms]
2024-11-01 01:39:04.975 [info] > git for-each-ref --format=%(refname)%00%(upstream:short)%00%(objectname)%00%(upstream:track)%00%(upstream:remotename)%00%(upstream:remoteref) refs/heads/master refs/remotes/master [0ms]
2024-11-01 01:39:04.976 [warning] [Git][getBranch] No such branch: master
2024-11-01 01:39:04.980 [info] > git for-each-ref --sort -committerdate --format %(refname) %(objectname) %(*objectname) [1ms]
2024-11-01 01:39:04.984 [info] > git status -z -uall [7ms]
2024-11-01 01:39:10.001 [info] > git config --get commit.template [3ms]
2024-11-01 01:39:10.001 [info] > git for-each-ref --format=%(refname)%00%(upstream:short)%00%(objectname)%00%(upstream:track)%00%(upstream:remotename)%00%(upstream:remoteref) refs/heads/master refs/remotes/master [1ms]
2024-11-01 01:39:10.001 [warning] [Git][getBranch] No such branch: master
2024-11-01 01:39:10.006 [info] > git for-each-ref --sort -committerdate --format %(refname) %(objectname) %(*objectname) [1ms]
2024-11-01 01:39:10.010 [info] > git status -z -uall [7ms]
2024-11-01 01:39:15.030 [info] > git config --get commit.template [3ms]
2024-11-01 01:39:15.031 [info] > git for-each-ref --format=%(refname)%00%(upstream:short)%00%(objectname)%00%(upstream:track)%00%(upstream:remotename)%00%(upstream:remoteref) refs/heads/master refs/remotes/master [2ms]
2024-11-01 01:39:15.031 [warning] [Git][getBranch] No such branch: master
2024-11-01 01:39:15.036 [info] > git for-each-ref --sort -committerdate --format %(refname) %(objectname) %(*objectname) [1ms]
2024-11-01 01:39:15.040 [info] > git status -z -uall [7ms]
2024-11-01 01:39:40.813 [info] > git config --get commit.template [3ms]
2024-11-01 01:39:40.822 [info] > git for-each-ref --format=%(refname)%00%(upstream:short)%00%(objectname)%00%(upstream:track)%00%(upstream:remotename)%00%(upstream:remoteref) refs/heads/master refs/remotes/master [1ms]
2024-11-01 01:39:40.822 [warning] [Git][getBranch] No such branch: master
2024-11-01 01:39:40.835 [info] > git for-each-ref --sort -committerdate --format %(refname) %(objectname) %(*objectname) [2ms]
2024-11-01 01:39:40.837 [info] > git status -z -uall [11ms]
2024-11-01 01:39:45.867 [info] > git config --get commit.template [4ms]
2024-11-01 01:39:45.868 [info] > git for-each-ref --format=%(refname)%00%(upstream:short)%00%(objectname)%00%(upstream:track)%00%(upstream:remotename)%00%(upstream:remoteref) refs/heads/master refs/remotes/master [2ms]
2024-11-01 01:39:45.868 [warning] [Git][getBranch] No such branch: master
2024-11-01 01:39:45.875 [info] > git for-each-ref --sort -committerdate --format %(refname) %(objectname) %(*objectname) [1ms]
2024-11-01 01:39:45.882 [info] > git status -z -uall [11ms]
2024-11-01 01:39:57.409 [info] > git config --get commit.template [9ms]
2024-11-01 01:39:57.410 [info] > git for-each-ref --format=%(refname)%00%(upstream:short)%00%(objectname)%00%(upstream:track)%00%(upstream:remotename)%00%(upstream:remoteref) refs/heads/master refs/remotes/master [2ms]
2024-11-01 01:39:57.411 [warning] [Git][getBranch] No such branch: master
2024-11-01 01:39:57.424 [info] > git for-each-ref --sort -committerdate --format %(refname) %(objectname) %(*objectname) [1ms]
2024-11-01 01:39:57.433 [info] > git status -z -uall [16ms]
2024-11-01 01:39:59.566 [info] > git ls-files --stage -- /home/yanyi/.gitconfig [0ms]
2024-11-01 01:39:59.572 [info] > git show --textconv :.gitconfig [1ms]
2024-11-01 01:40:02.466 [info] [Git][getRemotes] No remotes found in the git config file
2024-11-01 01:40:02.466 [info] > git config --get commit.template [3ms]
2024-11-01 01:40:02.467 [info] > git for-each-ref --format=%(refname)%00%(upstream:short)%00%(objectname)%00%(upstream:track)%00%(upstream:remotename)%00%(upstream:remoteref) refs/heads/master refs/remotes/master [1ms]
2024-11-01 01:40:02.467 [warning] [Git][getBranch] No such branch: master
2024-11-01 01:40:02.471 [info] > git for-each-ref --sort -committerdate --format %(refname) %(objectname) %(*objectname) [0ms]
2024-11-01 01:40:02.475 [info] > git status -z -uall [7ms]
2024-11-01 01:40:06.082 [info] > git ls-files --stage -- /home/yanyi/.gitconfig [0ms]
2024-11-01 01:40:06.089 [info] > git show --textconv :.gitconfig [1ms]
2024-11-01 01:40:06.629 [info] > git for-each-ref --sort -committerdate --format %(refname) %(objectname) %(*objectname) [1ms]
2024-11-01 01:40:07.497 [info] > git config --get commit.template [3ms]
2024-11-01 01:40:07.498 [info] > git for-each-ref --format=%(refname)%00%(upstream:short)%00%(objectname)%00%(upstream:track)%00%(upstream:remotename)%00%(upstream:remoteref) refs/heads/master refs/remotes/master [2ms]
2024-11-01 01:40:07.498 [warning] [Git][getBranch] No such branch: master
2024-11-01 01:40:07.503 [info] > git for-each-ref --sort -committerdate --format %(refname) %(objectname) %(*objectname) [1ms]
2024-11-01 01:40:07.506 [info] > git status -z -uall [6ms]
2024-11-01 01:40:12.527 [info] > git config --get commit.template [2ms]
2024-11-01 01:40:12.527 [info] > git for-each-ref --format=%(refname)%00%(upstream:short)%00%(objectname)%00%(upstream:track)%00%(upstream:remotename)%00%(upstream:remoteref) refs/heads/master refs/remotes/master [1ms]
2024-11-01 01:40:12.527 [warning] [Git][getBranch] No such branch: master
2024-11-01 01:40:12.531 [info] > git for-each-ref --sort -committerdate --format %(refname) %(objectname) %(*objectname) [1ms]
2024-11-01 01:40:12.535 [info] > git status -z -uall [6ms]
2024-11-01 01:40:22.954 [info] > git config --get commit.template [1ms]
2024-11-01 01:40:22.965 [info] > git for-each-ref --format=%(refname)%00%(upstream:short)%00%(objectname)%00%(upstream:track)%00%(upstream:remotename)%00%(upstream:remoteref) refs/heads/master refs/remotes/master [4ms]
2024-11-01 01:40:22.966 [warning] [Git][getBranch] No such branch: master
2024-11-01 01:40:22.977 [info] > git for-each-ref --sort -committerdate --format %(refname) %(objectname) %(*objectname) [2ms]
2024-11-01 01:40:22.981 [info] > git status -z -uall [11ms]
2024-11-01 01:40:26.291 [info] > git for-each-ref --sort -committerdate --format %(refname) %(objectname) %(*objectname) [1ms]
2024-11-01 01:40:28.006 [info] > git config --get commit.template [3ms]
2024-11-01 01:40:28.006 [info] > git for-each-ref --format=%(refname)%00%(upstream:short)%00%(objectname)%00%(upstream:track)%00%(upstream:remotename)%00%(upstream:remoteref) refs/heads/master refs/remotes/master [1ms]
2024-11-01 01:40:28.006 [warning] [Git][getBranch] No such branch: master
2024-11-01 01:40:28.010 [info] > git for-each-ref --sort -committerdate --format %(refname) %(objectname) %(*objectname) [1ms]
2024-11-01 01:40:28.015 [info] > git status -z -uall [8ms]
2024-11-01 01:40:28.426 [info] > git for-each-ref --sort -committerdate --format %(refname) %(objectname) %(*objectname) [1ms]
2024-11-01 01:40:33.032 [info] > git config --get commit.template [2ms]
2024-11-01 01:40:33.033 [info] > git for-each-ref --format=%(refname)%00%(upstream:short)%00%(objectname)%00%(upstream:track)%00%(upstream:remotename)%00%(upstream:remoteref) refs/heads/master refs/remotes/master [1ms]
2024-11-01 01:40:33.033 [warning] [Git][getBranch] No such branch: master
2024-11-01 01:40:33.038 [info] > git for-each-ref --sort -committerdate --format %(refname) %(objectname) %(*objectname) [0ms]
2024-11-01 01:40:33.042 [info] > git status -z -uall [7ms]
2024-11-01 01:40:47.970 [info] > git config --get commit.template [13ms]
2024-11-01 01:40:47.970 [info] > git for-each-ref --format=%(refname)%00%(upstream:short)%00%(objectname)%00%(upstream:track)%00%(upstream:remotename)%00%(upstream:remoteref) refs/heads/master refs/remotes/master [2ms]
2024-11-01 01:40:47.971 [warning] [Git][getBranch] No such branch: master
2024-11-01 01:40:47.981 [info] > git for-each-ref --sort -committerdate --format %(refname) %(objectname) %(*objectname) [1ms]
2024-11-01 01:40:47.988 [info] > git status -z -uall [12ms]
2024-11-01 01:40:53.016 [info] > git config --get commit.template [3ms]
2024-11-01 01:40:53.016 [info] > git for-each-ref --format=%(refname)%00%(upstream:short)%00%(objectname)%00%(upstream:track)%00%(upstream:remotename)%00%(upstream:remoteref) refs/heads/master refs/remotes/master [1ms]
2024-11-01 01:40:53.016 [warning] [Git][getBranch] No such branch: master
2024-11-01 01:40:53.020 [info] > git for-each-ref --sort -committerdate --format %(refname) %(objectname) %(*objectname) [1ms]
2024-11-01 01:40:53.024 [info] > git status -z -uall [6ms]
2024-11-01 01:41:05.194 [info] > git for-each-ref --format=%(refname)%00%(upstream:short)%00%(objectname)%00%(upstream:track)%00%(upstream:remotename)%00%(upstream:remoteref) refs/heads/master refs/remotes/master [2ms]
2024-11-01 01:41:05.195 [warning] [Git][getBranch] No such branch: master
2024-11-01 01:41:05.195 [info] > git config --get commit.template [11ms]
2024-11-01 01:41:05.218 [info] > git for-each-ref --sort -committerdate --format %(refname) %(objectname) %(*objectname) [3ms]
2024-11-01 01:41:05.225 [info] > git status -z -uall [22ms]
2024-11-01 01:41:06.064 [info] > git config --get commit.template [2ms]
2024-11-01 01:41:06.067 [info] > git for-each-ref --format=%(refname)%00%(upstream:short)%00%(objectname)%00%(upstream:track)%00%(upstream:remotename)%00%(upstream:remoteref) refs/heads/master refs/remotes/master [1ms]
2024-11-01 01:41:06.067 [warning] [Git][getBranch] No such branch: master
2024-11-01 01:41:06.074 [info] > git for-each-ref --sort -committerdate --format %(refname) %(objectname) %(*objectname) [1ms]
2024-11-01 01:41:06.078 [info] > git status -z -uall [8ms]
2024-11-01 01:41:07.149 [info] > git check-ignore -v -z --stdin [0ms]
2024-11-01 01:41:10.275 [info] > git config --get commit.template [7ms]
2024-11-01 01:41:10.276 [info] > git for-each-ref --format=%(refname)%00%(upstream:short)%00%(objectname)%00%(upstream:track)%00%(upstream:remotename)%00%(upstream:remoteref) refs/heads/master refs/remotes/master [5ms]
2024-11-01 01:41:10.276 [warning] [Git][getBranch] No such branch: master
2024-11-01 01:41:10.285 [info] > git for-each-ref --sort -committerdate --format %(refname) %(objectname) %(*objectname) [1ms]
2024-11-01 01:41:10.289 [info] > git status -z -uall [8ms]
2024-11-01 01:41:10.579 [info] > git show --textconv :.bashrc [18ms]
2024-11-01 01:41:10.583 [info] > git ls-files --stage -- /home/yanyi/.bashrc [17ms]
2024-11-01 01:41:11.550 [info] > git show --textconv :.gitconfig [3ms]
2024-11-01 01:41:11.551 [info] > git ls-files --stage -- /home/yanyi/.gitconfig [2ms]
2024-11-01 01:41:15.734 [info] > git config --get commit.template [13ms]
2024-11-01 01:41:15.734 [info] > git for-each-ref --format=%(refname)%00%(upstream:short)%00%(objectname)%00%(upstream:track)%00%(upstream:remotename)%00%(upstream:remoteref) refs/heads/master refs/remotes/master [5ms]
2024-11-01 01:41:15.734 [warning] [Git][getBranch] No such branch: master
2024-11-01 01:41:15.747 [info] > git for-each-ref --sort -committerdate --format %(refname) %(objectname) %(*objectname) [1ms]
2024-11-01 01:41:15.750 [info] > git status -z -uall [10ms]
2024-11-01 01:41:18.124 [info] > git config --get commit.template [3ms]
2024-11-01 01:41:18.124 [info] > git for-each-ref --format=%(refname)%00%(upstream:short)%00%(objectname)%00%(upstream:track)%00%(upstream:remotename)%00%(upstream:remoteref) refs/heads/master refs/remotes/master [1ms]
2024-11-01 01:41:18.124 [warning] [Git][getBranch] No such branch: master
2024-11-01 01:41:18.129 [info] > git for-each-ref --sort -committerdate --format %(refname) %(objectname) %(*objectname) [1ms]
2024-11-01 01:41:18.133 [info] > git status -z -uall [7ms]
2024-11-01 01:41:19.488 [info] > git for-each-ref --sort -committerdate --format %(refname) %(objectname) %(*objectname) [2ms]
2024-11-01 01:41:20.774 [info] > git config --get commit.template [2ms]
2024-11-01 01:41:20.777 [info] > git for-each-ref --format=%(refname)%00%(upstream:short)%00%(objectname)%00%(upstream:track)%00%(upstream:remotename)%00%(upstream:remoteref) refs/heads/master refs/remotes/master [1ms]
2024-11-01 01:41:20.778 [warning] [Git][getBranch] No such branch: master
2024-11-01 01:41:20.785 [info] > git for-each-ref --sort -committerdate --format %(refname) %(objectname) %(*objectname) [2ms]
2024-11-01 01:41:20.789 [info] > git status -z -uall [9ms]
2024-11-01 01:41:25.816 [info] > git config --get commit.template [3ms]
2024-11-01 01:41:25.816 [info] > git for-each-ref --format=%(refname)%00%(upstream:short)%00%(objectname)%00%(upstream:track)%00%(upstream:remotename)%00%(upstream:remoteref) refs/heads/master refs/remotes/master [1ms]
2024-11-01 01:41:25.816 [warning] [Git][getBranch] No such branch: master
2024-11-01 01:41:25.821 [info] > git for-each-ref --sort -committerdate --format %(refname) %(objectname) %(*objectname) [1ms]
2024-11-01 01:41:25.825 [info] > git status -z -uall [7ms]
2024-11-01 01:41:35.572 [info] > git config --get commit.template [8ms]
2024-11-01 01:41:35.573 [info] > git for-each-ref --format=%(refname)%00%(upstream:short)%00%(objectname)%00%(upstream:track)%00%(upstream:remotename)%00%(upstream:remoteref) refs/heads/master refs/remotes/master [2ms]
2024-11-01 01:41:35.573 [warning] [Git][getBranch] No such branch: master
2024-11-01 01:41:35.587 [info] > git for-each-ref --sort -committerdate --format %(refname) %(objectname) %(*objectname) [1ms]
2024-11-01 01:41:35.593 [info] > git status -z -uall [12ms]
2024-11-01 01:41:40.640 [info] > git config --get commit.template [14ms]
2024-11-01 01:41:40.643 [info] > git for-each-ref --format=%(refname)%00%(upstream:short)%00%(objectname)%00%(upstream:track)%00%(upstream:remotename)%00%(upstream:remoteref) refs/heads/master refs/remotes/master [6ms]
2024-11-01 01:41:40.643 [warning] [Git][getBranch] No such branch: master
2024-11-01 01:41:40.667 [info] > git for-each-ref --sort -committerdate --format %(refname) %(objectname) %(*objectname) [4ms]
2024-11-01 01:41:40.686 [info] > git status -z -uall [33ms]
2024-11-01 01:41:53.317 [info] > git config --get commit.template [8ms]
2024-11-01 01:41:53.317 [info] > git for-each-ref --format=%(refname)%00%(upstream:short)%00%(objectname)%00%(upstream:track)%00%(upstream:remotename)%00%(upstream:remoteref) refs/heads/master refs/remotes/master [1ms]
2024-11-01 01:41:53.318 [warning] [Git][getBranch] No such branch: master
2024-11-01 01:41:53.330 [info] > git for-each-ref --sort -committerdate --format %(refname) %(objectname) %(*objectname) [1ms]
2024-11-01 01:41:53.335 [info] > git status -z -uall [14ms]
2024-11-01 01:41:54.453 [info] > git for-each-ref --sort -committerdate --format %(refname) %(objectname) %(*objectname) [1ms]
2024-11-01 01:41:55.711 [info] > git for-each-ref --sort -committerdate --format %(refname) %(objectname) %(*objectname) [1ms]
2024-11-01 01:41:58.365 [info] > git config --get commit.template [6ms]
2024-11-01 01:41:58.365 [info] > git for-each-ref --format=%(refname)%00%(upstream:short)%00%(objectname)%00%(upstream:track)%00%(upstream:remotename)%00%(upstream:remoteref) refs/heads/master refs/remotes/master [1ms]
2024-11-01 01:41:58.365 [warning] [Git][getBranch] No such branch: master
2024-11-01 01:41:58.373 [info] > git for-each-ref --sort -committerdate --format %(refname) %(objectname) %(*objectname) [1ms]
2024-11-01 01:41:58.380 [info] > git status -z -uall [12ms]
2024-11-01 01:41:59.365 [info] > git checkout -q -b main --no-track HEAD [1ms]
2024-11-01 01:41:59.365 [info] fatal: 'HEAD' is not a commit and a branch 'main' cannot be created from it
2024-11-01 01:41:59.372 [info] > git config --get commit.template [4ms]
2024-11-01 01:41:59.372 [info] > git for-each-ref --format=%(refname)%00%(upstream:short)%00%(objectname)%00%(upstream:track)%00%(upstream:remotename)%00%(upstream:remoteref) refs/heads/master refs/remotes/master [1ms]
2024-11-01 01:41:59.372 [warning] [Git][getBranch] No such branch: master
2024-11-01 01:41:59.380 [info] > git for-each-ref --sort -committerdate --format %(refname) %(objectname) %(*objectname) [2ms]
2024-11-01 01:41:59.384 [info] > git status -z -uall [9ms]
2024-11-01 01:42:04.929 [info] > git config --get commit.template [10ms]
2024-11-01 01:42:04.931 [info] > git for-each-ref --format=%(refname)%00%(upstream:short)%00%(objectname)%00%(upstream:track)%00%(upstream:remotename)%00%(upstream:remoteref) refs/heads/master refs/remotes/master [3ms]
2024-11-01 01:42:04.931 [warning] [Git][getBranch] No such branch: master
2024-11-01 01:42:04.943 [info] > git for-each-ref --sort -committerdate --format %(refname) %(objectname) %(*objectname) [2ms]
2024-11-01 01:42:04.948 [info] > git status -z -uall [10ms]
2024-11-01 01:42:06.720 [info] > git show --textconv :.lesshst [2ms]
2024-11-01 01:42:06.721 [info] > git ls-files --stage -- /home/yanyi/.lesshst [1ms]
2024-11-01 01:42:07.456 [info] > git show --textconv :.gitconfig [4ms]
2024-11-01 01:42:07.457 [info] > git ls-files --stage -- /home/yanyi/.gitconfig [2ms]
2024-11-01 01:42:09.978 [info] > git config --get commit.template [4ms]
2024-11-01 01:42:09.978 [info] > git for-each-ref --format=%(refname)%00%(upstream:short)%00%(objectname)%00%(upstream:track)%00%(upstream:remotename)%00%(upstream:remoteref) refs/heads/master refs/remotes/master [1ms]
2024-11-01 01:42:09.978 [warning] [Git][getBranch] No such branch: master
2024-11-01 01:42:09.987 [info] > git for-each-ref --sort -committerdate --format %(refname) %(objectname) %(*objectname) [2ms]
2024-11-01 01:42:09.990 [info] > git status -z -uall [9ms]
2024-11-01 01:42:15.010 [info] > git config --get commit.template [2ms]
2024-11-01 01:42:15.011 [info] > git for-each-ref --format=%(refname)%00%(upstream:short)%00%(objectname)%00%(upstream:track)%00%(upstream:remotename)%00%(upstream:remoteref) refs/heads/master refs/remotes/master [0ms]
2024-11-01 01:42:15.011 [warning] [Git][getBranch] No such branch: master
2024-11-01 01:42:15.015 [info] > git for-each-ref --sort -committerdate --format %(refname) %(objectname) %(*objectname) [1ms]
2024-11-01 01:42:15.018 [info] > git status -z -uall [6ms]
2024-11-01 01:42:29.586 [info] > git config --get commit.template [2ms]
2024-11-01 01:42:29.597 [info] > git for-each-ref --format=%(refname)%00%(upstream:short)%00%(objectname)%00%(upstream:track)%00%(upstream:remotename)%00%(upstream:remoteref) refs/heads/master refs/remotes/master [2ms]
2024-11-01 01:42:29.597 [warning] [Git][getBranch] No such branch: master
2024-11-01 01:42:29.608 [info] > git for-each-ref --sort -committerdate --format %(refname) %(objectname) %(*objectname) [2ms]
2024-11-01 01:42:29.615 [info] > git status -z -uall [12ms]
2024-11-01 01:42:34.469 [info] > git ls-files --stage -- /home/yanyi/.gitconfig [1ms]
2024-11-01 01:42:34.477 [info] > git show --textconv :.gitconfig [1ms]
2024-11-01 01:42:34.642 [info] > git config --get commit.template [1ms]
2024-11-01 01:42:34.645 [info] > git for-each-ref --format=%(refname)%00%(upstream:short)%00%(objectname)%00%(upstream:track)%00%(upstream:remotename)%00%(upstream:remoteref) refs/heads/master refs/remotes/master [1ms]
2024-11-01 01:42:34.646 [warning] [Git][getBranch] No such branch: master
2024-11-01 01:42:34.651 [info] > git for-each-ref --sort -committerdate --format %(refname) %(objectname) %(*objectname) [1ms]
2024-11-01 01:42:34.655 [info] > git status -z -uall [7ms]
2024-11-01 01:42:39.677 [info] > git config --get commit.template [2ms]
2024-11-01 01:42:39.677 [info] > git for-each-ref --format=%(refname)%00%(upstream:short)%00%(objectname)%00%(upstream:track)%00%(upstream:remotename)%00%(upstream:remoteref) refs/heads/master refs/remotes/master [0ms]
2024-11-01 01:42:39.678 [warning] [Git][getBranch] No such branch: master
2024-11-01 01:42:39.682 [info] > git for-each-ref --sort -committerdate --format %(refname) %(objectname) %(*objectname) [1ms]
2024-11-01 01:42:39.687 [info] > git status -z -uall [8ms]
2024-11-01 01:42:45.597 [info] > git config --get commit.template [4ms]
2024-11-01 01:42:45.597 [info] > git for-each-ref --format=%(refname)%00%(upstream:short)%00%(objectname)%00%(upstream:track)%00%(upstream:remotename)%00%(upstream:remoteref) refs/heads/master refs/remotes/master [1ms]
2024-11-01 01:42:45.598 [warning] [Git][getBranch] No such branch: master
2024-11-01 01:42:45.602 [info] > git for-each-ref --sort -committerdate --format %(refname) %(objectname) %(*objectname) [0ms]
2024-11-01 01:42:45.696 [info] > git status -z -uall [96ms]
2024-11-01 01:42:50.717 [info] > git config --get commit.template [3ms]
2024-11-01 01:42:50.717 [info] > git for-each-ref --format=%(refname)%00%(upstream:short)%00%(objectname)%00%(upstream:track)%00%(upstream:remotename)%00%(upstream:remoteref) refs/heads/master refs/remotes/master [1ms]
2024-11-01 01:42:50.717 [warning] [Git][getBranch] No such branch: master
2024-11-01 01:42:50.722 [info] > git for-each-ref --sort -committerdate --format %(refname) %(objectname) %(*objectname) [1ms]
2024-11-01 01:42:50.727 [info] > git status -z -uall [7ms]
2024-11-01 01:42:55.746 [info] > git config --get commit.template [2ms]
2024-11-01 01:42:55.747 [info] > git for-each-ref --format=%(refname)%00%(upstream:short)%00%(objectname)%00%(upstream:track)%00%(upstream:remotename)%00%(upstream:remoteref) refs/heads/master refs/remotes/master [1ms]
2024-11-01 01:42:55.747 [warning] [Git][getBranch] No such branch: master
2024-11-01 01:42:55.751 [info] > git for-each-ref --sort -committerdate --format %(refname) %(objectname) %(*objectname) [1ms]
2024-11-01 01:42:55.755 [info] > git status -z -uall [7ms]
2024-11-01 01:43:00.772 [info] > git config --get commit.template [3ms]
2024-11-01 01:43:00.773 [info] > git for-each-ref --format=%(refname)%00%(upstream:short)%00%(objectname)%00%(upstream:track)%00%(upstream:remotename)%00%(upstream:remoteref) refs/heads/master refs/remotes/master [1ms]
2024-11-01 01:43:00.773 [warning] [Git][getBranch] No such branch: master
2024-11-01 01:43:00.777 [info] > git for-each-ref --sort -committerdate --format %(refname) %(objectname) %(*objectname) [0ms]
2024-11-01 01:43:00.782 [info] > git status -z -uall [7ms]
2024-11-01 01:43:05.813 [info] > git config --get commit.template [3ms]
2024-11-01 01:43:05.813 [info] > git for-each-ref --format=%(refname)%00%(upstream:short)%00%(objectname)%00%(upstream:track)%00%(upstream:remotename)%00%(upstream:remoteref) refs/heads/master refs/remotes/master [1ms]
2024-11-01 01:43:05.814 [warning] [Git][getBranch] No such branch: master
2024-11-01 01:43:05.818 [info] > git for-each-ref --sort -committerdate --format %(refname) %(objectname) %(*objectname) [1ms]
2024-11-01 01:43:05.822 [info] > git status -z -uall [7ms]
2024-11-01 01:43:11.630 [info] > git config --get commit.template [1ms]
2024-11-01 01:43:11.633 [info] > git for-each-ref --format=%(refname)%00%(upstream:short)%00%(objectname)%00%(upstream:track)%00%(upstream:remotename)%00%(upstream:remoteref) refs/heads/master refs/remotes/master [1ms]
2024-11-01 01:43:11.633 [warning] [Git][getBranch] No such branch: master
2024-11-01 01:43:11.638 [info] > git for-each-ref --sort -committerdate --format %(refname) %(objectname) %(*objectname) [1ms]
2024-11-01 01:43:11.643 [info] > git status -z -uall [8ms]
2024-11-01 01:43:16.674 [info] > git config --get commit.template [2ms]
2024-11-01 01:43:16.675 [info] > git for-each-ref --format=%(refname)%00%(upstream:short)%00%(objectname)%00%(upstream:track)%00%(upstream:remotename)%00%(upstream:remoteref) refs/heads/master refs/remotes/master [1ms]
2024-11-01 01:43:16.675 [warning] [Git][getBranch] No such branch: master
2024-11-01 01:43:16.678 [info] > git for-each-ref --sort -committerdate --format %(refname) %(objectname) %(*objectname) [0ms]
2024-11-01 01:43:16.682 [info] > git status -z -uall [6ms]
2024-11-01 01:43:21.715 [info] > git config --get commit.template [10ms]
2024-11-01 01:43:21.717 [info] > git for-each-ref --format=%(refname)%00%(upstream:short)%00%(objectname)%00%(upstream:track)%00%(upstream:remotename)%00%(upstream:remoteref) refs/heads/master refs/remotes/master [3ms]
2024-11-01 01:43:21.717 [warning] [Git][getBranch] No such branch: master
2024-11-01 01:43:21.735 [info] > git for-each-ref --sort -committerdate --format %(refname) %(objectname) %(*objectname) [4ms]
2024-11-01 01:43:21.755 [info] > git status -z -uall [31ms]
2024-11-01 01:43:26.866 [info] > git config --get commit.template [3ms]
2024-11-01 01:43:26.866 [info] > git for-each-ref --format=%(refname)%00%(upstream:short)%00%(objectname)%00%(upstream:track)%00%(upstream:remotename)%00%(upstream:remoteref) refs/heads/master refs/remotes/master [0ms]
2024-11-01 01:43:26.867 [warning] [Git][getBranch] No such branch: master
2024-11-01 01:43:26.871 [info] > git for-each-ref --sort -committerdate --format %(refname) %(objectname) %(*objectname) [1ms]
2024-11-01 01:43:26.875 [info] > git status -z -uall [7ms]
2024-11-01 01:43:31.891 [info] > git config --get commit.template [3ms]
2024-11-01 01:43:31.891 [info] > git for-each-ref --format=%(refname)%00%(upstream:short)%00%(objectname)%00%(upstream:track)%00%(upstream:remotename)%00%(upstream:remoteref) refs/heads/master refs/remotes/master [1ms]
2024-11-01 01:43:31.891 [warning] [Git][getBranch] No such branch: master
2024-11-01 01:43:31.895 [info] > git for-each-ref --sort -committerdate --format %(refname) %(objectname) %(*objectname) [0ms]
2024-11-01 01:43:31.900 [info] > git status -z -uall [7ms]
2024-11-01 01:43:36.934 [info] > git config --get commit.template [3ms]
2024-11-01 01:43:36.934 [info] > git for-each-ref --format=%(refname)%00%(upstream:short)%00%(objectname)%00%(upstream:track)%00%(upstream:remotename)%00%(upstream:remoteref) refs/heads/master refs/remotes/master [1ms]
2024-11-01 01:43:36.934 [warning] [Git][getBranch] No such branch: master
2024-11-01 01:43:36.939 [info] > git for-each-ref --sort -committerdate --format %(refname) %(objectname) %(*objectname) [1ms]
2024-11-01 01:43:36.944 [info] > git status -z -uall [8ms]
2024-11-01 01:43:42.400 [info] > git config --get commit.template [3ms]
2024-11-01 01:43:42.400 [info] > git for-each-ref --format=%(refname)%00%(upstream:short)%00%(objectname)%00%(upstream:track)%00%(upstream:remotename)%00%(upstream:remoteref) refs/heads/master refs/remotes/master [1ms]
2024-11-01 01:43:42.400 [warning] [Git][getBranch] No such branch: master
2024-11-01 01:43:42.404 [info] > git for-each-ref --sort -committerdate --format %(refname) %(objectname) %(*objectname) [1ms]
2024-11-01 01:43:42.408 [info] > git status -z -uall [6ms]
2024-11-01 01:43:47.428 [info] > git config --get commit.template [3ms]
2024-11-01 01:43:47.428 [info] > git for-each-ref --format=%(refname)%00%(upstream:short)%00%(objectname)%00%(upstream:track)%00%(upstream:remotename)%00%(upstream:remoteref) refs/heads/master refs/remotes/master [1ms]
2024-11-01 01:43:47.428 [warning] [Git][getBranch] No such branch: master
2024-11-01 01:43:47.433 [info] > git for-each-ref --sort -committerdate --format %(refname) %(objectname) %(*objectname) [1ms]
2024-11-01 01:43:47.438 [info] > git status -z -uall [8ms]
2024-11-01 01:43:52.467 [info] > git config --get commit.template [2ms]
2024-11-01 01:43:52.468 [info] > git for-each-ref --format=%(refname)%00%(upstream:short)%00%(objectname)%00%(upstream:track)%00%(upstream:remotename)%00%(upstream:remoteref) refs/heads/master refs/remotes/master [1ms]
2024-11-01 01:43:52.468 [warning] [Git][getBranch] No such branch: master
2024-11-01 01:43:52.473 [info] > git for-each-ref --sort -committerdate --format %(refname) %(objectname) %(*objectname) [1ms]
2024-11-01 01:43:52.476 [info] > git status -z -uall [6ms]
2024-11-01 01:43:57.494 [info] > git config --get commit.template [3ms]
2024-11-01 01:43:57.494 [info] > git for-each-ref --format=%(refname)%00%(upstream:short)%00%(objectname)%00%(upstream:track)%00%(upstream:remotename)%00%(upstream:remoteref) refs/heads/master refs/remotes/master [1ms]
2024-11-01 01:43:57.494 [warning] [Git][getBranch] No such branch: master
2024-11-01 01:43:57.499 [info] > git for-each-ref --sort -committerdate --format %(refname) %(objectname) %(*objectname) [0ms]
2024-11-01 01:43:57.502 [info] > git status -z -uall [6ms]
2024-11-01 01:44:02.520 [info] > git config --get commit.template [2ms]
2024-11-01 01:44:02.520 [info] > git for-each-ref --format=%(refname)%00%(upstream:short)%00%(objectname)%00%(upstream:track)%00%(upstream:remotename)%00%(upstream:remoteref) refs/heads/master refs/remotes/master [0ms]
2024-11-01 01:44:02.521 [warning] [Git][getBranch] No such branch: master
2024-11-01 01:44:02.525 [info] > git for-each-ref --sort -committerdate --format %(refname) %(objectname) %(*objectname) [1ms]
2024-11-01 01:44:02.530 [info] > git status -z -uall [7ms]
2024-11-01 01:44:07.547 [info] > git config --get commit.template [3ms]
2024-11-01 01:44:07.547 [info] > git for-each-ref --format=%(refname)%00%(upstream:short)%00%(objectname)%00%(upstream:track)%00%(upstream:remotename)%00%(upstream:remoteref) refs/heads/master refs/remotes/master [1ms]
2024-11-01 01:44:07.547 [warning] [Git][getBranch] No such branch: master
2024-11-01 01:44:07.553 [info] > git for-each-ref --sort -committerdate --format %(refname) %(objectname) %(*objectname) [1ms]
2024-11-01 01:44:07.558 [info] > git status -z -uall [9ms]
2024-11-01 01:44:12.593 [info] > git config --get commit.template [4ms]
2024-11-01 01:44:12.594 [info] > git for-each-ref --format=%(refname)%00%(upstream:short)%00%(objectname)%00%(upstream:track)%00%(upstream:remotename)%00%(upstream:remoteref) refs/heads/master refs/remotes/master [2ms]
2024-11-01 01:44:12.594 [warning] [Git][getBranch] No such branch: master
2024-11-01 01:44:12.600 [info] > git for-each-ref --sort -committerdate --format %(refname) %(objectname) %(*objectname) [1ms]
2024-11-01 01:44:12.604 [info] > git status -z -uall [7ms]
2024-11-01 01:44:17.622 [info] > git config --get commit.template [2ms]
2024-11-01 01:44:17.622 [info] > git for-each-ref --format=%(refname)%00%(upstream:short)%00%(objectname)%00%(upstream:track)%00%(upstream:remotename)%00%(upstream:remoteref) refs/heads/master refs/remotes/master [1ms]
2024-11-01 01:44:17.622 [warning] [Git][getBranch] No such branch: master
2024-11-01 01:44:17.626 [info] > git for-each-ref --sort -committerdate --format %(refname) %(objectname) %(*objectname) [1ms]
2024-11-01 01:44:17.631 [info] > git status -z -uall [8ms]
2024-11-01 01:44:22.649 [info] > git config --get commit.template [2ms]
2024-11-01 01:44:22.649 [info] > git for-each-ref --format=%(refname)%00%(upstream:short)%00%(objectname)%00%(upstream:track)%00%(upstream:remotename)%00%(upstream:remoteref) refs/heads/master refs/remotes/master [1ms]
2024-11-01 01:44:22.650 [warning] [Git][getBranch] No such branch: master
2024-11-01 01:44:22.654 [info] > git for-each-ref --sort -committerdate --format %(refname) %(objectname) %(*objectname) [1ms]
2024-11-01 01:44:22.659 [info] > git status -z -uall [7ms]
2024-11-01 01:44:27.677 [info] > git config --get commit.template [2ms]
2024-11-01 01:44:27.677 [info] > git for-each-ref --format=%(refname)%00%(upstream:short)%00%(objectname)%00%(upstream:track)%00%(upstream:remotename)%00%(upstream:remoteref) refs/heads/master refs/remotes/master [0ms]
2024-11-01 01:44:27.677 [warning] [Git][getBranch] No such branch: master
2024-11-01 01:44:27.682 [info] > git for-each-ref --sort -committerdate --format %(refname) %(objectname) %(*objectname) [1ms]
2024-11-01 01:44:27.686 [info] > git status -z -uall [7ms]
2024-11-01 01:44:29.256 [info] > git ls-files --stage -- /home/yanyi/.gitconfig [1ms]
2024-11-01 01:44:29.263 [info] > git show --textconv :.gitconfig [0ms]
2024-11-01 01:44:32.706 [info] > git config --get commit.template [2ms]
2024-11-01 01:44:32.706 [info] > git for-each-ref --format=%(refname)%00%(upstream:short)%00%(objectname)%00%(upstream:track)%00%(upstream:remotename)%00%(upstream:remoteref) refs/heads/master refs/remotes/master [1ms]
2024-11-01 01:44:32.706 [warning] [Git][getBranch] No such branch: master
2024-11-01 01:44:32.712 [info] > git for-each-ref --sort -committerdate --format %(refname) %(objectname) %(*objectname) [1ms]
2024-11-01 01:44:32.714 [info] > git status -z -uall [6ms]
2024-11-01 01:44:37.733 [info] > git config --get commit.template [2ms]
2024-11-01 01:44:37.733 [info] > git for-each-ref --format=%(refname)%00%(upstream:short)%00%(objectname)%00%(upstream:track)%00%(upstream:remotename)%00%(upstream:remoteref) refs/heads/master refs/remotes/master [1ms]
2024-11-01 01:44:37.733 [warning] [Git][getBranch] No such branch: master
2024-11-01 01:44:37.737 [info] > git for-each-ref --sort -committerdate --format %(refname) %(objectname) %(*objectname) [1ms]
2024-11-01 01:44:37.741 [info] > git status -z -uall [6ms]
2024-11-01 01:44:42.771 [info] > git config --get commit.template [3ms]
2024-11-01 01:44:42.771 [info] > git for-each-ref --format=%(refname)%00%(upstream:short)%00%(objectname)%00%(upstream:track)%00%(upstream:remotename)%00%(upstream:remoteref) refs/heads/master refs/remotes/master [0ms]
2024-11-01 01:44:42.771 [warning] [Git][getBranch] No such branch: master
2024-11-01 01:44:42.776 [info] > git for-each-ref --sort -committerdate --format %(refname) %(objectname) %(*objectname) [1ms]
2024-11-01 01:44:42.780 [info] > git status -z -uall [7ms]
2024-11-01 01:44:47.803 [info] > git config --get commit.template [2ms]
2024-11-01 01:44:47.803 [info] > git for-each-ref --format=%(refname)%00%(upstream:short)%00%(objectname)%00%(upstream:track)%00%(upstream:remotename)%00%(upstream:remoteref) refs/heads/master refs/remotes/master [1ms]
2024-11-01 01:44:47.803 [warning] [Git][getBranch] No such branch: master
2024-11-01 01:44:47.808 [info] > git for-each-ref --sort -committerdate --format %(refname) %(objectname) %(*objectname) [1ms]
2024-11-01 01:44:47.812 [info] > git status -z -uall [7ms]
2024-11-01 01:44:52.830 [info] > git config --get commit.template [3ms]
2024-11-01 01:44:52.830 [info] > git for-each-ref --format=%(refname)%00%(upstream:short)%00%(objectname)%00%(upstream:track)%00%(upstream:remotename)%00%(upstream:remoteref) refs/heads/master refs/remotes/master [1ms]
2024-11-01 01:44:52.830 [warning] [Git][getBranch] No such branch: master
2024-11-01 01:44:52.836 [info] > git for-each-ref --sort -committerdate --format %(refname) %(objectname) %(*objectname) [1ms]
2024-11-01 01:44:52.838 [info] > git status -z -uall [6ms]
2024-11-01 01:44:57.857 [info] > git config --get commit.template [3ms]
2024-11-01 01:44:57.857 [info] > git for-each-ref --format=%(refname)%00%(upstream:short)%00%(objectname)%00%(upstream:track)%00%(upstream:remotename)%00%(upstream:remoteref) refs/heads/master refs/remotes/master [0ms]
2024-11-01 01:44:57.857 [warning] [Git][getBranch] No such branch: master
2024-11-01 01:44:57.862 [info] > git for-each-ref --sort -committerdate --format %(refname) %(objectname) %(*objectname) [1ms]
2024-11-01 01:44:57.865 [info] > git status -z -uall [6ms]
2024-11-01 01:45:02.884 [info] > git config --get commit.template [2ms]
2024-11-01 01:45:02.884 [info] > git for-each-ref --format=%(refname)%00%(upstream:short)%00%(objectname)%00%(upstream:track)%00%(upstream:remotename)%00%(upstream:remoteref) refs/heads/master refs/remotes/master [1ms]
2024-11-01 01:45:02.884 [warning] [Git][getBranch] No such branch: master
2024-11-01 01:45:02.889 [info] > git for-each-ref --sort -committerdate --format %(refname) %(objectname) %(*objectname) [1ms]
2024-11-01 01:45:02.892 [info] > git status -z -uall [6ms]
2024-11-01 01:45:07.911 [info] > git config --get commit.template [3ms]
2024-11-01 01:45:07.911 [info] > git for-each-ref --format=%(refname)%00%(upstream:short)%00%(objectname)%00%(upstream:track)%00%(upstream:remotename)%00%(upstream:remoteref) refs/heads/master refs/remotes/master [0ms]
2024-11-01 01:45:07.911 [warning] [Git][getBranch] No such branch: master
2024-11-01 01:45:07.916 [info] > git for-each-ref --sort -committerdate --format %(refname) %(objectname) %(*objectname) [1ms]
2024-11-01 01:45:07.919 [info] > git status -z -uall [6ms]
2024-11-01 01:45:13.213 [info] > git config --get commit.template [10ms]
2024-11-01 01:45:13.214 [info] > git for-each-ref --format=%(refname)%00%(upstream:short)%00%(objectname)%00%(upstream:track)%00%(upstream:remotename)%00%(upstream:remoteref) refs/heads/master refs/remotes/master [7ms]
2024-11-01 01:45:13.214 [warning] [Git][getBranch] No such branch: master
2024-11-01 01:45:13.221 [info] > git for-each-ref --sort -committerdate --format %(refname) %(objectname) %(*objectname) [4ms]
2024-11-01 01:45:13.312 [info] > git status -z -uall [96ms]
2024-11-01 01:45:18.334 [info] > git config --get commit.template [2ms]
2024-11-01 01:45:18.334 [info] > git for-each-ref --format=%(refname)%00%(upstream:short)%00%(objectname)%00%(upstream:track)%00%(upstream:remotename)%00%(upstream:remoteref) refs/heads/master refs/remotes/master [1ms]
2024-11-01 01:45:18.335 [warning] [Git][getBranch] No such branch: master
2024-11-01 01:45:18.339 [info] > git for-each-ref --sort -committerdate --format %(refname) %(objectname) %(*objectname) [1ms]
2024-11-01 01:45:18.343 [info] > git status -z -uall [7ms]
2024-11-01 01:45:23.363 [info] > git config --get commit.template [3ms]
2024-11-01 01:45:23.363 [info] > git for-each-ref --format=%(refname)%00%(upstream:short)%00%(objectname)%00%(upstream:track)%00%(upstream:remotename)%00%(upstream:remoteref) refs/heads/master refs/remotes/master [1ms]
2024-11-01 01:45:23.363 [warning] [Git][getBranch] No such branch: master
2024-11-01 01:45:23.368 [info] > git for-each-ref --sort -committerdate --format %(refname) %(objectname) %(*objectname) [1ms]
2024-11-01 01:45:23.372 [info] > git status -z -uall [7ms]
2024-11-01 01:45:28.392 [info] > git config --get commit.template [2ms]
2024-11-01 01:45:28.392 [info] > git for-each-ref --format=%(refname)%00%(upstream:short)%00%(objectname)%00%(upstream:track)%00%(upstream:remotename)%00%(upstream:remoteref) refs/heads/master refs/remotes/master [1ms]
2024-11-01 01:45:28.392 [warning] [Git][getBranch] No such branch: master
2024-11-01 01:45:28.396 [info] > git for-each-ref --sort -committerdate --format %(refname) %(objectname) %(*objectname) [1ms]
2024-11-01 01:45:28.400 [info] > git status -z -uall [6ms]
2024-11-01 01:45:33.417 [info] > git config --get commit.template [2ms]
2024-11-01 01:45:33.417 [info] > git for-each-ref --format=%(refname)%00%(upstream:short)%00%(objectname)%00%(upstream:track)%00%(upstream:remotename)%00%(upstream:remoteref) refs/heads/master refs/remotes/master [1ms]
2024-11-01 01:45:33.417 [warning] [Git][getBranch] No such branch: master
2024-11-01 01:45:33.421 [info] > git for-each-ref --sort -committerdate --format %(refname) %(objectname) %(*objectname) [1ms]
2024-11-01 01:45:33.425 [info] > git status -z -uall [6ms]
2024-11-01 01:45:38.446 [info] > git config --get commit.template [5ms]
2024-11-01 01:45:38.446 [info] > git for-each-ref --format=%(refname)%00%(upstream:short)%00%(objectname)%00%(upstream:track)%00%(upstream:remotename)%00%(upstream:remoteref) refs/heads/master refs/remotes/master [1ms]
2024-11-01 01:45:38.447 [warning] [Git][getBranch] No such branch: master
2024-11-01 01:45:38.452 [info] > git for-each-ref --sort -committerdate --format %(refname) %(objectname) %(*objectname) [1ms]
2024-11-01 01:45:38.456 [info] > git status -z -uall [7ms]
2024-11-01 01:46:07.363 [info] > git config --get commit.template [11ms]
2024-11-01 01:46:07.363 [info] > git for-each-ref --format=%(refname)%00%(upstream:short)%00%(objectname)%00%(upstream:track)%00%(upstream:remotename)%00%(upstream:remoteref) refs/heads/master refs/remotes/master [1ms]
2024-11-01 01:46:07.364 [warning] [Git][getBranch] No such branch: master
2024-11-01 01:46:07.378 [info] > git for-each-ref --sort -committerdate --format %(refname) %(objectname) %(*objectname) [2ms]
2024-11-01 01:46:07.381 [info] > git status -z -uall [11ms]
2024-11-01 01:46:14.341 [info] > git config --get commit.template [10ms]
2024-11-01 01:46:14.343 [info] > git for-each-ref --format=%(refname)%00%(upstream:short)%00%(objectname)%00%(upstream:track)%00%(upstream:remotename)%00%(upstream:remoteref) refs/heads/master refs/remotes/master [2ms]
2024-11-01 01:46:14.343 [warning] [Git][getBranch] No such branch: master
2024-11-01 01:46:14.364 [info] > git for-each-ref --sort -committerdate --format %(refname) %(objectname) %(*objectname) [2ms]
2024-11-01 01:46:14.366 [info] > git status -z -uall [18ms]
2024-11-01 01:46:33.938 [info] > git config --get commit.template [9ms]
2024-11-01 01:46:33.941 [info] > git for-each-ref --format=%(refname)%00%(upstream:short)%00%(objectname)%00%(upstream:track)%00%(upstream:remotename)%00%(upstream:remoteref) refs/heads/master refs/remotes/master [4ms]
2024-11-01 01:46:33.941 [warning] [Git][getBranch] No such branch: master
2024-11-01 01:46:33.955 [info] > git for-each-ref --sort -committerdate --format %(refname) %(objectname) %(*objectname) [3ms]
2024-11-01 01:46:33.958 [info] > git status -z -uall [12ms]
2024-11-01 01:46:34.982 [info] > git config --get commit.template [3ms]
2024-11-01 01:46:34.983 [info] > git for-each-ref --format=%(refname)%00%(upstream:short)%00%(objectname)%00%(upstream:track)%00%(upstream:remotename)%00%(upstream:remoteref) refs/heads/main refs/remotes/main [1ms]
2024-11-01 01:46:34.983 [warning] [Git][getBranch] No such branch: main
2024-11-01 01:46:34.988 [info] > git for-each-ref --sort -committerdate --format %(refname) %(objectname) %(*objectname) [1ms]
2024-11-01 01:46:34.992 [info] > git status -z -uall [7ms]
2024-11-01 01:46:35.011 [info] > git for-each-ref --format=%(refname)%00%(upstream:short)%00%(objectname)%00%(upstream:track)%00%(upstream:remotename)%00%(upstream:remoteref) refs/heads/main refs/remotes/main [3ms]
2024-11-01 01:46:35.011 [warning] [Git][getBranch] No such branch: main
2024-11-01 01:46:35.012 [error] [GitHistoryProvider][resolveHEADMergeBase] Failed to resolve merge base for main: Error: No such branch: main.
2024-11-01 01:46:36.321 [info] > git ls-files --stage -- /home/yanyi/.gitconfig [2ms]
2024-11-01 01:46:36.330 [info] > git show --textconv :.gitconfig [1ms]
2024-11-01 01:46:38.007 [info] > git for-each-ref --sort -committerdate --format %(refname) %(objectname) %(*objectname) [2ms]
2024-11-01 01:46:38.984 [info] > git config --get commit.template [3ms]
2024-11-01 01:46:38.984 [info] > git for-each-ref --format=%(refname)%00%(upstream:short)%00%(objectname)%00%(upstream:track)%00%(upstream:remotename)%00%(upstream:remoteref) refs/heads/main refs/remotes/main [1ms]
2024-11-01 01:46:38.984 [warning] [Git][getBranch] No such branch: main
2024-11-01 01:46:38.989 [info] > git for-each-ref --sort -committerdate --format %(refname) %(objectname) %(*objectname) [1ms]
2024-11-01 01:46:38.993 [info] > git status -z -uall [7ms]
2024-11-01 01:46:41.361 [info] > git for-each-ref --sort -committerdate --format %(refname) %(objectname) %(*objectname) [1ms]
2024-11-01 01:46:48.113 [info] > git config --get commit.template [8ms]
2024-11-01 01:46:48.114 [info] > git for-each-ref --format=%(refname)%00%(upstream:short)%00%(objectname)%00%(upstream:track)%00%(upstream:remotename)%00%(upstream:remoteref) refs/heads/main refs/remotes/main [3ms]
2024-11-01 01:46:48.114 [warning] [Git][getBranch] No such branch: main
2024-11-01 01:46:48.128 [info] > git for-each-ref --sort -committerdate --format %(refname) %(objectname) %(*objectname) [2ms]
2024-11-01 01:46:48.134 [info] > git status -z -uall [14ms]
2024-11-01 01:46:49.659 [info] > git config --get commit.template [3ms]
2024-11-01 01:46:49.659 [info] > git for-each-ref --format=%(refname)%00%(upstream:short)%00%(objectname)%00%(upstream:track)%00%(upstream:remotename)%00%(upstream:remoteref) refs/heads/main refs/remotes/main [0ms]
2024-11-01 01:46:49.659 [warning] [Git][getBranch] No such branch: main
2024-11-01 01:46:49.664 [info] > git for-each-ref --sort -committerdate --format %(refname) %(objectname) %(*objectname) [1ms]
2024-11-01 01:46:49.669 [info] > git status -z -uall [7ms]
2024-11-01 01:46:53.174 [info] > git config --get commit.template [1ms]
2024-11-01 01:46:53.177 [info] > git for-each-ref --format=%(refname)%00%(upstream:short)%00%(objectname)%00%(upstream:track)%00%(upstream:remotename)%00%(upstream:remoteref) refs/heads/main refs/remotes/main [1ms]
2024-11-01 01:46:53.177 [warning] [Git][getBranch] No such branch: main
2024-11-01 01:46:53.182 [info] > git for-each-ref --sort -committerdate --format %(refname) %(objectname) %(*objectname) [1ms]
2024-11-01 01:46:53.187 [info] > git status -z -uall [9ms]
2024-11-01 01:46:59.359 [info] > git config --get commit.template [2ms]
2024-11-01 01:46:59.365 [info] > git for-each-ref --format=%(refname)%00%(upstream:short)%00%(objectname)%00%(upstream:track)%00%(upstream:remotename)%00%(upstream:remoteref) refs/heads/main refs/remotes/main [1ms]
2024-11-01 01:46:59.366 [warning] [Git][getBranch] No such branch: main
2024-11-01 01:46:59.378 [info] > git for-each-ref --sort -committerdate --format %(refname) %(objectname) %(*objectname) [2ms]
2024-11-01 01:46:59.383 [info] > git status -z -uall [13ms]
2024-11-01 01:47:04.415 [info] > git config --get commit.template [3ms]
2024-11-01 01:47:04.415 [info] > git for-each-ref --format=%(refname)%00%(upstream:short)%00%(objectname)%00%(upstream:track)%00%(upstream:remotename)%00%(upstream:remoteref) refs/heads/main refs/remotes/main [1ms]
2024-11-01 01:47:04.415 [warning] [Git][getBranch] No such branch: main
2024-11-01 01:47:04.420 [info] > git for-each-ref --sort -committerdate --format %(refname) %(objectname) %(*objectname) [1ms]
2024-11-01 01:47:04.424 [info] > git status -z -uall [7ms]
2024-11-01 01:47:09.444 [info] > git config --get commit.template [5ms]
2024-11-01 01:47:09.444 [info] > git for-each-ref --format=%(refname)%00%(upstream:short)%00%(objectname)%00%(upstream:track)%00%(upstream:remotename)%00%(upstream:remoteref) refs/heads/main refs/remotes/main [1ms]
2024-11-01 01:47:09.444 [warning] [Git][getBranch] No such branch: main
2024-11-01 01:47:09.452 [info] > git for-each-ref --sort -committerdate --format %(refname) %(objectname) %(*objectname) [1ms]
2024-11-01 01:47:09.457 [info] > git status -z -uall [9ms]
2024-11-01 01:47:16.002 [info] > git config --get commit.template [9ms]
2024-11-01 01:47:16.004 [info] > git for-each-ref --format=%(refname)%00%(upstream:short)%00%(objectname)%00%(upstream:track)%00%(upstream:remotename)%00%(upstream:remoteref) refs/heads/main refs/remotes/main [2ms]
2024-11-01 01:47:16.004 [warning] [Git][getBranch] No such branch: main
2024-11-01 01:47:16.019 [info] > git for-each-ref --sort -committerdate --format %(refname) %(objectname) %(*objectname) [4ms]
2024-11-01 01:47:16.023 [info] > git status -z -uall [12ms]
2024-11-01 01:47:21.046 [info] > git config --get commit.template [4ms]
2024-11-01 01:47:21.046 [info] > git for-each-ref --format=%(refname)%00%(upstream:short)%00%(objectname)%00%(upstream:track)%00%(upstream:remotename)%00%(upstream:remoteref) refs/heads/main refs/remotes/main [0ms]
2024-11-01 01:47:21.046 [warning] [Git][getBranch] No such branch: main
2024-11-01 01:47:21.052 [info] > git for-each-ref --sort -committerdate --format %(refname) %(objectname) %(*objectname) [2ms]
2024-11-01 01:47:21.057 [info] > git status -z -uall [8ms]
2024-11-01 01:47:26.084 [info] > git config --get commit.template [3ms]
2024-11-01 01:47:26.084 [info] > git for-each-ref --format=%(refname)%00%(upstream:short)%00%(objectname)%00%(upstream:track)%00%(upstream:remotename)%00%(upstream:remoteref) refs/heads/main refs/remotes/main [1ms]
2024-11-01 01:47:26.084 [warning] [Git][getBranch] No such branch: main
2024-11-01 01:47:26.089 [info] > git for-each-ref --sort -committerdate --format %(refname) %(objectname) %(*objectname) [1ms]
2024-11-01 01:47:26.092 [info] > git status -z -uall [6ms]
2024-11-01 01:47:31.112 [info] > git config --get commit.template [2ms]
2024-11-01 01:47:31.112 [info] > git for-each-ref --format=%(refname)%00%(upstream:short)%00%(objectname)%00%(upstream:track)%00%(upstream:remotename)%00%(upstream:remoteref) refs/heads/main refs/remotes/main [0ms]
2024-11-01 01:47:31.113 [warning] [Git][getBranch] No such branch: main
2024-11-01 01:47:31.117 [info] > git for-each-ref --sort -committerdate --format %(refname) %(objectname) %(*objectname) [1ms]
2024-11-01 01:47:31.121 [info] > git status -z -uall [7ms]
2024-11-01 01:47:52.998 [info] > git config --get commit.template [5ms]
2024-11-01 01:47:52.999 [info] > git for-each-ref --format=%(refname)%00%(upstream:short)%00%(objectname)%00%(upstream:track)%00%(upstream:remotename)%00%(upstream:remoteref) refs/heads/main refs/remotes/main [1ms]
2024-11-01 01:47:52.999 [warning] [Git][getBranch] No such branch: main
2024-11-01 01:47:53.017 [info] > git for-each-ref --sort -committerdate --format %(refname) %(objectname) %(*objectname) [2ms]
2024-11-01 01:47:53.022 [info] > git status -z -uall [17ms]
2024-11-01 01:48:02.728 [info] > git config --get commit.template [9ms]
2024-11-01 01:48:02.731 [info] > git for-each-ref --format=%(refname)%00%(upstream:short)%00%(objectname)%00%(upstream:track)%00%(upstream:remotename)%00%(upstream:remoteref) refs/heads/main refs/remotes/main [2ms]
2024-11-01 01:48:02.731 [warning] [Git][getBranch] No such branch: main
2024-11-01 01:48:02.752 [info] > git for-each-ref --sort -committerdate --format %(refname) %(objectname) %(*objectname) [1ms]
2024-11-01 01:48:02.759 [info] > git status -z -uall [16ms]
2024-11-01 01:48:14.783 [info] > git config --get commit.template [6ms]
2024-11-01 01:48:14.784 [info] > git for-each-ref --format=%(refname)%00%(upstream:short)%00%(objectname)%00%(upstream:track)%00%(upstream:remotename)%00%(upstream:remoteref) refs/heads/main refs/remotes/main [2ms]
2024-11-01 01:48:14.784 [warning] [Git][getBranch] No such branch: main
2024-11-01 01:48:14.804 [info] > git for-each-ref --sort -committerdate --format %(refname) %(objectname) %(*objectname) [3ms]
2024-11-01 01:48:14.810 [info] > git status -z -uall [19ms]
2024-11-01 01:48:19.841 [info] > git config --get commit.template [6ms]
2024-11-01 01:48:19.841 [info] > git for-each-ref --format=%(refname)%00%(upstream:short)%00%(objectname)%00%(upstream:track)%00%(upstream:remotename)%00%(upstream:remoteref) refs/heads/main refs/remotes/main [2ms]
2024-11-01 01:48:19.841 [warning] [Git][getBranch] No such branch: main
2024-11-01 01:48:19.852 [info] > git for-each-ref --sort -committerdate --format %(refname) %(objectname) %(*objectname) [1ms]
2024-11-01 01:48:19.856 [info] > git status -z -uall [11ms]
2024-11-01 01:48:57.663 [info] > git config --get commit.template [14ms]
2024-11-01 01:48:57.664 [info] > git for-each-ref --format=%(refname)%00%(upstream:short)%00%(objectname)%00%(upstream:track)%00%(upstream:remotename)%00%(upstream:remoteref) refs/heads/main refs/remotes/main [2ms]
2024-11-01 01:48:57.664 [warning] [Git][getBranch] No such branch: main
2024-11-01 01:48:57.680 [info] > git for-each-ref --sort -committerdate --format %(refname) %(objectname) %(*objectname) [3ms]
2024-11-01 01:48:57.687 [info] > git status -z -uall [16ms]
2024-11-01 01:48:58.691 [info] > git config --get commit.template [3ms]
2024-11-01 01:48:58.692 [info] > git for-each-ref --format=%(refname)%00%(upstream:short)%00%(objectname)%00%(upstream:track)%00%(upstream:remotename)%00%(upstream:remoteref) refs/heads/main refs/remotes/main [2ms]
2024-11-01 01:48:58.692 [warning] [Git][getBranch] No such branch: main
2024-11-01 01:48:58.699 [info] > git for-each-ref --sort -committerdate --format %(refname) %(objectname) %(*objectname) [1ms]
2024-11-01 01:48:58.704 [info] > git status -z -uall [9ms]
2024-11-01 01:49:00.054 [info] > git ls-files --stage -- /home/yanyi/.gitconfig [1ms]
2024-11-01 01:49:00.060 [info] > git show --textconv :.gitconfig [1ms]
2024-11-01 01:49:02.727 [info] > git config --get commit.template [6ms]
2024-11-01 01:49:02.728 [info] > git for-each-ref --format=%(refname)%00%(upstream:short)%00%(objectname)%00%(upstream:track)%00%(upstream:remotename)%00%(upstream:remoteref) refs/heads/main refs/remotes/main [2ms]
2024-11-01 01:49:02.728 [warning] [Git][getBranch] No such branch: main
2024-11-01 01:49:02.741 [info] > git for-each-ref --sort -committerdate --format %(refname) %(objectname) %(*objectname) [1ms]
2024-11-01 01:49:02.746 [info] > git status -z -uall [13ms]
2024-11-01 01:49:11.946 [info] > git config --get commit.template [3ms]
2024-11-01 01:49:11.954 [info] > git for-each-ref --format=%(refname)%00%(upstream:short)%00%(objectname)%00%(upstream:track)%00%(upstream:remotename)%00%(upstream:remoteref) refs/heads/main refs/remotes/main [2ms]
2024-11-01 01:49:11.954 [warning] [Git][getBranch] No such branch: main
2024-11-01 01:49:11.970 [info] > git for-each-ref --sort -committerdate --format %(refname) %(objectname) %(*objectname) [5ms]
2024-11-01 01:49:11.975 [info] > git status -z -uall [15ms]
2024-11-01 01:49:17.007 [info] > git config --get commit.template [3ms]
2024-11-01 01:49:17.008 [info] > git for-each-ref --format=%(refname)%00%(upstream:short)%00%(objectname)%00%(upstream:track)%00%(upstream:remotename)%00%(upstream:remoteref) refs/heads/main refs/remotes/main [1ms]
2024-11-01 01:49:17.008 [warning] [Git][getBranch] No such branch: main
2024-11-01 01:49:17.014 [info] > git for-each-ref --sort -committerdate --format %(refname) %(objectname) %(*objectname) [1ms]
2024-11-01 01:49:17.019 [info] > git status -z -uall [9ms]
2024-11-01 01:49:33.255 [info] > git config --get commit.template [2ms]
2024-11-01 01:49:33.264 [info] > git for-each-ref --format=%(refname)%00%(upstream:short)%00%(objectname)%00%(upstream:track)%00%(upstream:remotename)%00%(upstream:remoteref) refs/heads/main refs/remotes/main [2ms]
2024-11-01 01:49:33.264 [warning] [Git][getBranch] No such branch: main
2024-11-01 01:49:33.288 [info] > git for-each-ref --sort -committerdate --format %(refname) %(objectname) %(*objectname) [3ms]
2024-11-01 01:49:33.293 [info] > git status -z -uall [20ms]
2024-11-01 01:49:38.335 [info] > git config --get commit.template [8ms]
2024-11-01 01:49:38.337 [info] > git for-each-ref --format=%(refname)%00%(upstream:short)%00%(objectname)%00%(upstream:track)%00%(upstream:remotename)%00%(upstream:remoteref) refs/heads/main refs/remotes/main [3ms]
2024-11-01 01:49:38.338 [warning] [Git][getBranch] No such branch: main
2024-11-01 01:49:38.353 [info] > git for-each-ref --sort -committerdate --format %(refname) %(objectname) %(*objectname) [3ms]
2024-11-01 01:49:38.359 [info] > git status -z -uall [15ms]
