2024-11-01 01:29:33.014 [info] Extension host with pid 1169 started
2024-11-01 01:29:33.106 [info] ExtensionService#_doActivateExtension vscode.git-base, startup: true, activationEvent: '*', root cause: vscode.git
2024-11-01 01:29:33.336 [info] ExtensionService#_doActivateExtension vscode.git, startup: true, activationEvent: '*'
2024-11-01 01:29:33.337 [info] ExtensionService#_doActivateExtension vscode.github, startup: true, activationEvent: '*'
2024-11-01 01:29:33.820 [info] Eager extensions activated
2024-11-01 01:29:33.821 [info] ExtensionService#_doActivateExtension vscode.debug-auto-launch, startup: false, activationEvent: 'onStartupFinished'
2024-11-01 01:29:33.822 [info] ExtensionService#_doActivateExtension vscode.merge-conflict, startup: false, activationEvent: 'onStartupFinished'
2024-11-01 01:29:33.824 [info] Extension host terminating: received terminate message from renderer
2024-11-01 01:29:33.932 [error] Canceled: Canceled
	at Pc (file:///home/yanyi/.vscode-server/bin/912bb683695358a54ae0c670461738984cbb5b95/out/vs/workbench/api/node/extensionHostProcess.js:7:1122)
	at file:///home/yanyi/.vscode-server/bin/912bb683695358a54ae0c670461738984cbb5b95/out/vs/workbench/api/node/extensionHostProcess.js:31:152517
	at Array.forEach (<anonymous>)
	at py.dispose (file:///home/yanyi/.vscode-server/bin/912bb683695358a54ae0c670461738984cbb5b95/out/vs/workbench/api/node/extensionHostProcess.js:31:152457)
	at _z.terminate (file:///home/yanyi/.vscode-server/bin/912bb683695358a54ae0c670461738984cbb5b95/out/vs/workbench/api/node/extensionHostProcess.js:118:10082)
	at xC.terminate (file:///home/yanyi/.vscode-server/bin/912bb683695358a54ae0c670461738984cbb5b95/out/vs/workbench/api/node/extensionHostProcess.js:119:1424)
	at Zi (file:///home/yanyi/.vscode-server/bin/912bb683695358a54ae0c670461738984cbb5b95/out/vs/workbench/api/node/extensionHostProcess.js:174:15063)
	at mh.value (file:///home/yanyi/.vscode-server/bin/912bb683695358a54ae0c670461738984cbb5b95/out/vs/workbench/api/node/extensionHostProcess.js:174:13224)
	at P.B (file:///home/yanyi/.vscode-server/bin/912bb683695358a54ae0c670461738984cbb5b95/out/vs/workbench/api/node/extensionHostProcess.js:29:746)
	at P.fire (file:///home/yanyi/.vscode-server/bin/912bb683695358a54ae0c670461738984cbb5b95/out/vs/workbench/api/node/extensionHostProcess.js:29:964)
	at Vn.fire (file:///home/yanyi/.vscode-server/bin/912bb683695358a54ae0c670461738984cbb5b95/out/vs/workbench/api/node/extensionHostProcess.js:31:9457)
	at Fm.A (file:///home/yanyi/.vscode-server/bin/912bb683695358a54ae0c670461738984cbb5b95/out/vs/workbench/api/node/extensionHostProcess.js:31:12573)
	at mh.value (file:///home/yanyi/.vscode-server/bin/912bb683695358a54ae0c670461738984cbb5b95/out/vs/workbench/api/node/extensionHostProcess.js:31:10993)
	at P.B (file:///home/yanyi/.vscode-server/bin/912bb683695358a54ae0c670461738984cbb5b95/out/vs/workbench/api/node/extensionHostProcess.js:29:746)
	at P.fire (file:///home/yanyi/.vscode-server/bin/912bb683695358a54ae0c670461738984cbb5b95/out/vs/workbench/api/node/extensionHostProcess.js:29:964)
	at j5.acceptChunk (file:///home/yanyi/.vscode-server/bin/912bb683695358a54ae0c670461738984cbb5b95/out/vs/workbench/api/node/extensionHostProcess.js:31:7940)
	at mh.value (file:///home/yanyi/.vscode-server/bin/912bb683695358a54ae0c670461738984cbb5b95/out/vs/workbench/api/node/extensionHostProcess.js:31:7226)
	at P.B (file:///home/yanyi/.vscode-server/bin/912bb683695358a54ae0c670461738984cbb5b95/out/vs/workbench/api/node/extensionHostProcess.js:29:746)
	at P.fire (file:///home/yanyi/.vscode-server/bin/912bb683695358a54ae0c670461738984cbb5b95/out/vs/workbench/api/node/extensionHostProcess.js:29:964)
	at V2.z (file:///home/yanyi/.vscode-server/bin/912bb683695358a54ae0c670461738984cbb5b95/out/vs/workbench/api/node/extensionHostProcess.js:31:21944)
	at V2.acceptFrame (file:///home/yanyi/.vscode-server/bin/912bb683695358a54ae0c670461738984cbb5b95/out/vs/workbench/api/node/extensionHostProcess.js:31:21750)
	at W2.n (file:///home/yanyi/.vscode-server/bin/912bb683695358a54ae0c670461738984cbb5b95/out/vs/workbench/api/node/extensionHostProcess.js:31:20278)
	at file:///home/yanyi/.vscode-server/bin/912bb683695358a54ae0c670461738984cbb5b95/out/vs/workbench/api/node/extensionHostProcess.js:31:17510
	at Socket.t (file:///home/yanyi/.vscode-server/bin/912bb683695358a54ae0c670461738984cbb5b95/out/vs/workbench/api/node/extensionHostProcess.js:31:15451)
	at Socket.emit (node:events:519:28)
	at addChunk (node:internal/streams/readable:559:12)
	at readableAddChunkPushByteMode (node:internal/streams/readable:510:3)
	at Readable.push (node:internal/streams/readable:390:5)
	at TCP.onStreamRead (node:internal/stream_base_commons:191:23) setContext undefined
2024-11-01 01:29:33.936 [error] Canceled: Canceled
	at Pc (file:///home/yanyi/.vscode-server/bin/912bb683695358a54ae0c670461738984cbb5b95/out/vs/workbench/api/node/extensionHostProcess.js:7:1122)
	at file:///home/yanyi/.vscode-server/bin/912bb683695358a54ae0c670461738984cbb5b95/out/vs/workbench/api/node/extensionHostProcess.js:31:152517
	at Array.forEach (<anonymous>)
	at py.dispose (file:///home/yanyi/.vscode-server/bin/912bb683695358a54ae0c670461738984cbb5b95/out/vs/workbench/api/node/extensionHostProcess.js:31:152457)
	at _z.terminate (file:///home/yanyi/.vscode-server/bin/912bb683695358a54ae0c670461738984cbb5b95/out/vs/workbench/api/node/extensionHostProcess.js:118:10082)
	at xC.terminate (file:///home/yanyi/.vscode-server/bin/912bb683695358a54ae0c670461738984cbb5b95/out/vs/workbench/api/node/extensionHostProcess.js:119:1424)
	at Zi (file:///home/yanyi/.vscode-server/bin/912bb683695358a54ae0c670461738984cbb5b95/out/vs/workbench/api/node/extensionHostProcess.js:174:15063)
	at mh.value (file:///home/yanyi/.vscode-server/bin/912bb683695358a54ae0c670461738984cbb5b95/out/vs/workbench/api/node/extensionHostProcess.js:174:13224)
	at P.B (file:///home/yanyi/.vscode-server/bin/912bb683695358a54ae0c670461738984cbb5b95/out/vs/workbench/api/node/extensionHostProcess.js:29:746)
	at P.fire (file:///home/yanyi/.vscode-server/bin/912bb683695358a54ae0c670461738984cbb5b95/out/vs/workbench/api/node/extensionHostProcess.js:29:964)
	at Vn.fire (file:///home/yanyi/.vscode-server/bin/912bb683695358a54ae0c670461738984cbb5b95/out/vs/workbench/api/node/extensionHostProcess.js:31:9457)
	at Fm.A (file:///home/yanyi/.vscode-server/bin/912bb683695358a54ae0c670461738984cbb5b95/out/vs/workbench/api/node/extensionHostProcess.js:31:12573)
	at mh.value (file:///home/yanyi/.vscode-server/bin/912bb683695358a54ae0c670461738984cbb5b95/out/vs/workbench/api/node/extensionHostProcess.js:31:10993)
	at P.B (file:///home/yanyi/.vscode-server/bin/912bb683695358a54ae0c670461738984cbb5b95/out/vs/workbench/api/node/extensionHostProcess.js:29:746)
	at P.fire (file:///home/yanyi/.vscode-server/bin/912bb683695358a54ae0c670461738984cbb5b95/out/vs/workbench/api/node/extensionHostProcess.js:29:964)
	at j5.acceptChunk (file:///home/yanyi/.vscode-server/bin/912bb683695358a54ae0c670461738984cbb5b95/out/vs/workbench/api/node/extensionHostProcess.js:31:7940)
	at mh.value (file:///home/yanyi/.vscode-server/bin/912bb683695358a54ae0c670461738984cbb5b95/out/vs/workbench/api/node/extensionHostProcess.js:31:7226)
	at P.B (file:///home/yanyi/.vscode-server/bin/912bb683695358a54ae0c670461738984cbb5b95/out/vs/workbench/api/node/extensionHostProcess.js:29:746)
	at P.fire (file:///home/yanyi/.vscode-server/bin/912bb683695358a54ae0c670461738984cbb5b95/out/vs/workbench/api/node/extensionHostProcess.js:29:964)
	at V2.z (file:///home/yanyi/.vscode-server/bin/912bb683695358a54ae0c670461738984cbb5b95/out/vs/workbench/api/node/extensionHostProcess.js:31:21944)
	at V2.acceptFrame (file:///home/yanyi/.vscode-server/bin/912bb683695358a54ae0c670461738984cbb5b95/out/vs/workbench/api/node/extensionHostProcess.js:31:21750)
	at W2.n (file:///home/yanyi/.vscode-server/bin/912bb683695358a54ae0c670461738984cbb5b95/out/vs/workbench/api/node/extensionHostProcess.js:31:20278)
	at file:///home/yanyi/.vscode-server/bin/912bb683695358a54ae0c670461738984cbb5b95/out/vs/workbench/api/node/extensionHostProcess.js:31:17510
	at Socket.t (file:///home/yanyi/.vscode-server/bin/912bb683695358a54ae0c670461738984cbb5b95/out/vs/workbench/api/node/extensionHostProcess.js:31:15451)
	at Socket.emit (node:events:519:28)
	at addChunk (node:internal/streams/readable:559:12)
	at readableAddChunkPushByteMode (node:internal/streams/readable:510:3)
	at Readable.push (node:internal/streams/readable:390:5)
	at TCP.onStreamRead (node:internal/stream_base_commons:191:23) setContext undefined
2024-11-01 01:29:33.937 [error] Canceled: Canceled
	at Pc (file:///home/yanyi/.vscode-server/bin/912bb683695358a54ae0c670461738984cbb5b95/out/vs/workbench/api/node/extensionHostProcess.js:7:1122)
	at file:///home/yanyi/.vscode-server/bin/912bb683695358a54ae0c670461738984cbb5b95/out/vs/workbench/api/node/extensionHostProcess.js:31:152517
	at Array.forEach (<anonymous>)
	at py.dispose (file:///home/yanyi/.vscode-server/bin/912bb683695358a54ae0c670461738984cbb5b95/out/vs/workbench/api/node/extensionHostProcess.js:31:152457)
	at _z.terminate (file:///home/yanyi/.vscode-server/bin/912bb683695358a54ae0c670461738984cbb5b95/out/vs/workbench/api/node/extensionHostProcess.js:118:10082)
	at xC.terminate (file:///home/yanyi/.vscode-server/bin/912bb683695358a54ae0c670461738984cbb5b95/out/vs/workbench/api/node/extensionHostProcess.js:119:1424)
	at Zi (file:///home/yanyi/.vscode-server/bin/912bb683695358a54ae0c670461738984cbb5b95/out/vs/workbench/api/node/extensionHostProcess.js:174:15063)
	at mh.value (file:///home/yanyi/.vscode-server/bin/912bb683695358a54ae0c670461738984cbb5b95/out/vs/workbench/api/node/extensionHostProcess.js:174:13224)
	at P.B (file:///home/yanyi/.vscode-server/bin/912bb683695358a54ae0c670461738984cbb5b95/out/vs/workbench/api/node/extensionHostProcess.js:29:746)
	at P.fire (file:///home/yanyi/.vscode-server/bin/912bb683695358a54ae0c670461738984cbb5b95/out/vs/workbench/api/node/extensionHostProcess.js:29:964)
	at Vn.fire (file:///home/yanyi/.vscode-server/bin/912bb683695358a54ae0c670461738984cbb5b95/out/vs/workbench/api/node/extensionHostProcess.js:31:9457)
	at Fm.A (file:///home/yanyi/.vscode-server/bin/912bb683695358a54ae0c670461738984cbb5b95/out/vs/workbench/api/node/extensionHostProcess.js:31:12573)
	at mh.value (file:///home/yanyi/.vscode-server/bin/912bb683695358a54ae0c670461738984cbb5b95/out/vs/workbench/api/node/extensionHostProcess.js:31:10993)
	at P.B (file:///home/yanyi/.vscode-server/bin/912bb683695358a54ae0c670461738984cbb5b95/out/vs/workbench/api/node/extensionHostProcess.js:29:746)
	at P.fire (file:///home/yanyi/.vscode-server/bin/912bb683695358a54ae0c670461738984cbb5b95/out/vs/workbench/api/node/extensionHostProcess.js:29:964)
	at j5.acceptChunk (file:///home/yanyi/.vscode-server/bin/912bb683695358a54ae0c670461738984cbb5b95/out/vs/workbench/api/node/extensionHostProcess.js:31:7940)
	at mh.value (file:///home/yanyi/.vscode-server/bin/912bb683695358a54ae0c670461738984cbb5b95/out/vs/workbench/api/node/extensionHostProcess.js:31:7226)
	at P.B (file:///home/yanyi/.vscode-server/bin/912bb683695358a54ae0c670461738984cbb5b95/out/vs/workbench/api/node/extensionHostProcess.js:29:746)
	at P.fire (file:///home/yanyi/.vscode-server/bin/912bb683695358a54ae0c670461738984cbb5b95/out/vs/workbench/api/node/extensionHostProcess.js:29:964)
	at V2.z (file:///home/yanyi/.vscode-server/bin/912bb683695358a54ae0c670461738984cbb5b95/out/vs/workbench/api/node/extensionHostProcess.js:31:21944)
	at V2.acceptFrame (file:///home/yanyi/.vscode-server/bin/912bb683695358a54ae0c670461738984cbb5b95/out/vs/workbench/api/node/extensionHostProcess.js:31:21750)
	at W2.n (file:///home/yanyi/.vscode-server/bin/912bb683695358a54ae0c670461738984cbb5b95/out/vs/workbench/api/node/extensionHostProcess.js:31:20278)
	at file:///home/yanyi/.vscode-server/bin/912bb683695358a54ae0c670461738984cbb5b95/out/vs/workbench/api/node/extensionHostProcess.js:31:17510
	at Socket.t (file:///home/yanyi/.vscode-server/bin/912bb683695358a54ae0c670461738984cbb5b95/out/vs/workbench/api/node/extensionHostProcess.js:31:15451)
	at Socket.emit (node:events:519:28)
	at addChunk (node:internal/streams/readable:559:12)
	at readableAddChunkPushByteMode (node:internal/streams/readable:510:3)
	at Readable.push (node:internal/streams/readable:390:5)
	at TCP.onStreamRead (node:internal/stream_base_commons:191:23) setContext undefined
2024-11-01 01:29:33.938 [error] Canceled: Canceled
	at Pc (file:///home/yanyi/.vscode-server/bin/912bb683695358a54ae0c670461738984cbb5b95/out/vs/workbench/api/node/extensionHostProcess.js:7:1122)
	at file:///home/yanyi/.vscode-server/bin/912bb683695358a54ae0c670461738984cbb5b95/out/vs/workbench/api/node/extensionHostProcess.js:31:152517
	at Array.forEach (<anonymous>)
	at py.dispose (file:///home/yanyi/.vscode-server/bin/912bb683695358a54ae0c670461738984cbb5b95/out/vs/workbench/api/node/extensionHostProcess.js:31:152457)
	at _z.terminate (file:///home/yanyi/.vscode-server/bin/912bb683695358a54ae0c670461738984cbb5b95/out/vs/workbench/api/node/extensionHostProcess.js:118:10082)
	at xC.terminate (file:///home/yanyi/.vscode-server/bin/912bb683695358a54ae0c670461738984cbb5b95/out/vs/workbench/api/node/extensionHostProcess.js:119:1424)
	at Zi (file:///home/yanyi/.vscode-server/bin/912bb683695358a54ae0c670461738984cbb5b95/out/vs/workbench/api/node/extensionHostProcess.js:174:15063)
	at mh.value (file:///home/yanyi/.vscode-server/bin/912bb683695358a54ae0c670461738984cbb5b95/out/vs/workbench/api/node/extensionHostProcess.js:174:13224)
	at P.B (file:///home/yanyi/.vscode-server/bin/912bb683695358a54ae0c670461738984cbb5b95/out/vs/workbench/api/node/extensionHostProcess.js:29:746)
	at P.fire (file:///home/yanyi/.vscode-server/bin/912bb683695358a54ae0c670461738984cbb5b95/out/vs/workbench/api/node/extensionHostProcess.js:29:964)
	at Vn.fire (file:///home/yanyi/.vscode-server/bin/912bb683695358a54ae0c670461738984cbb5b95/out/vs/workbench/api/node/extensionHostProcess.js:31:9457)
	at Fm.A (file:///home/yanyi/.vscode-server/bin/912bb683695358a54ae0c670461738984cbb5b95/out/vs/workbench/api/node/extensionHostProcess.js:31:12573)
	at mh.value (file:///home/yanyi/.vscode-server/bin/912bb683695358a54ae0c670461738984cbb5b95/out/vs/workbench/api/node/extensionHostProcess.js:31:10993)
	at P.B (file:///home/yanyi/.vscode-server/bin/912bb683695358a54ae0c670461738984cbb5b95/out/vs/workbench/api/node/extensionHostProcess.js:29:746)
	at P.fire (file:///home/yanyi/.vscode-server/bin/912bb683695358a54ae0c670461738984cbb5b95/out/vs/workbench/api/node/extensionHostProcess.js:29:964)
	at j5.acceptChunk (file:///home/yanyi/.vscode-server/bin/912bb683695358a54ae0c670461738984cbb5b95/out/vs/workbench/api/node/extensionHostProcess.js:31:7940)
	at mh.value (file:///home/yanyi/.vscode-server/bin/912bb683695358a54ae0c670461738984cbb5b95/out/vs/workbench/api/node/extensionHostProcess.js:31:7226)
	at P.B (file:///home/yanyi/.vscode-server/bin/912bb683695358a54ae0c670461738984cbb5b95/out/vs/workbench/api/node/extensionHostProcess.js:29:746)
	at P.fire (file:///home/yanyi/.vscode-server/bin/912bb683695358a54ae0c670461738984cbb5b95/out/vs/workbench/api/node/extensionHostProcess.js:29:964)
	at V2.z (file:///home/yanyi/.vscode-server/bin/912bb683695358a54ae0c670461738984cbb5b95/out/vs/workbench/api/node/extensionHostProcess.js:31:21944)
	at V2.acceptFrame (file:///home/yanyi/.vscode-server/bin/912bb683695358a54ae0c670461738984cbb5b95/out/vs/workbench/api/node/extensionHostProcess.js:31:21750)
	at W2.n (file:///home/yanyi/.vscode-server/bin/912bb683695358a54ae0c670461738984cbb5b95/out/vs/workbench/api/node/extensionHostProcess.js:31:20278)
	at file:///home/yanyi/.vscode-server/bin/912bb683695358a54ae0c670461738984cbb5b95/out/vs/workbench/api/node/extensionHostProcess.js:31:17510
	at Socket.t (file:///home/yanyi/.vscode-server/bin/912bb683695358a54ae0c670461738984cbb5b95/out/vs/workbench/api/node/extensionHostProcess.js:31:15451)
	at Socket.emit (node:events:519:28)
	at addChunk (node:internal/streams/readable:559:12)
	at readableAddChunkPushByteMode (node:internal/streams/readable:510:3)
	at Readable.push (node:internal/streams/readable:390:5)
	at TCP.onStreamRead (node:internal/stream_base_commons:191:23) setContext undefined
2024-11-01 01:29:33.940 [error] Canceled: Canceled
	at Pc (file:///home/yanyi/.vscode-server/bin/912bb683695358a54ae0c670461738984cbb5b95/out/vs/workbench/api/node/extensionHostProcess.js:7:1122)
	at file:///home/yanyi/.vscode-server/bin/912bb683695358a54ae0c670461738984cbb5b95/out/vs/workbench/api/node/extensionHostProcess.js:31:152517
	at Array.forEach (<anonymous>)
	at py.dispose (file:///home/yanyi/.vscode-server/bin/912bb683695358a54ae0c670461738984cbb5b95/out/vs/workbench/api/node/extensionHostProcess.js:31:152457)
	at _z.terminate (file:///home/yanyi/.vscode-server/bin/912bb683695358a54ae0c670461738984cbb5b95/out/vs/workbench/api/node/extensionHostProcess.js:118:10082)
	at xC.terminate (file:///home/yanyi/.vscode-server/bin/912bb683695358a54ae0c670461738984cbb5b95/out/vs/workbench/api/node/extensionHostProcess.js:119:1424)
	at Zi (file:///home/yanyi/.vscode-server/bin/912bb683695358a54ae0c670461738984cbb5b95/out/vs/workbench/api/node/extensionHostProcess.js:174:15063)
	at mh.value (file:///home/yanyi/.vscode-server/bin/912bb683695358a54ae0c670461738984cbb5b95/out/vs/workbench/api/node/extensionHostProcess.js:174:13224)
	at P.B (file:///home/yanyi/.vscode-server/bin/912bb683695358a54ae0c670461738984cbb5b95/out/vs/workbench/api/node/extensionHostProcess.js:29:746)
	at P.fire (file:///home/yanyi/.vscode-server/bin/912bb683695358a54ae0c670461738984cbb5b95/out/vs/workbench/api/node/extensionHostProcess.js:29:964)
	at Vn.fire (file:///home/yanyi/.vscode-server/bin/912bb683695358a54ae0c670461738984cbb5b95/out/vs/workbench/api/node/extensionHostProcess.js:31:9457)
	at Fm.A (file:///home/yanyi/.vscode-server/bin/912bb683695358a54ae0c670461738984cbb5b95/out/vs/workbench/api/node/extensionHostProcess.js:31:12573)
	at mh.value (file:///home/yanyi/.vscode-server/bin/912bb683695358a54ae0c670461738984cbb5b95/out/vs/workbench/api/node/extensionHostProcess.js:31:10993)
	at P.B (file:///home/yanyi/.vscode-server/bin/912bb683695358a54ae0c670461738984cbb5b95/out/vs/workbench/api/node/extensionHostProcess.js:29:746)
	at P.fire (file:///home/yanyi/.vscode-server/bin/912bb683695358a54ae0c670461738984cbb5b95/out/vs/workbench/api/node/extensionHostProcess.js:29:964)
	at j5.acceptChunk (file:///home/yanyi/.vscode-server/bin/912bb683695358a54ae0c670461738984cbb5b95/out/vs/workbench/api/node/extensionHostProcess.js:31:7940)
	at mh.value (file:///home/yanyi/.vscode-server/bin/912bb683695358a54ae0c670461738984cbb5b95/out/vs/workbench/api/node/extensionHostProcess.js:31:7226)
	at P.B (file:///home/yanyi/.vscode-server/bin/912bb683695358a54ae0c670461738984cbb5b95/out/vs/workbench/api/node/extensionHostProcess.js:29:746)
	at P.fire (file:///home/yanyi/.vscode-server/bin/912bb683695358a54ae0c670461738984cbb5b95/out/vs/workbench/api/node/extensionHostProcess.js:29:964)
	at V2.z (file:///home/yanyi/.vscode-server/bin/912bb683695358a54ae0c670461738984cbb5b95/out/vs/workbench/api/node/extensionHostProcess.js:31:21944)
	at V2.acceptFrame (file:///home/yanyi/.vscode-server/bin/912bb683695358a54ae0c670461738984cbb5b95/out/vs/workbench/api/node/extensionHostProcess.js:31:21750)
	at W2.n (file:///home/yanyi/.vscode-server/bin/912bb683695358a54ae0c670461738984cbb5b95/out/vs/workbench/api/node/extensionHostProcess.js:31:20278)
	at file:///home/yanyi/.vscode-server/bin/912bb683695358a54ae0c670461738984cbb5b95/out/vs/workbench/api/node/extensionHostProcess.js:31:17510
	at Socket.t (file:///home/yanyi/.vscode-server/bin/912bb683695358a54ae0c670461738984cbb5b95/out/vs/workbench/api/node/extensionHostProcess.js:31:15451)
	at Socket.emit (node:events:519:28)
	at addChunk (node:internal/streams/readable:559:12)
	at readableAddChunkPushByteMode (node:internal/streams/readable:510:3)
	at Readable.push (node:internal/streams/readable:390:5)
	at TCP.onStreamRead (node:internal/stream_base_commons:191:23) setContext undefined
2024-11-01 01:29:33.941 [error] Canceled: Canceled
	at Pc (file:///home/yanyi/.vscode-server/bin/912bb683695358a54ae0c670461738984cbb5b95/out/vs/workbench/api/node/extensionHostProcess.js:7:1122)
	at file:///home/yanyi/.vscode-server/bin/912bb683695358a54ae0c670461738984cbb5b95/out/vs/workbench/api/node/extensionHostProcess.js:31:152517
	at Array.forEach (<anonymous>)
	at py.dispose (file:///home/yanyi/.vscode-server/bin/912bb683695358a54ae0c670461738984cbb5b95/out/vs/workbench/api/node/extensionHostProcess.js:31:152457)
	at _z.terminate (file:///home/yanyi/.vscode-server/bin/912bb683695358a54ae0c670461738984cbb5b95/out/vs/workbench/api/node/extensionHostProcess.js:118:10082)
	at xC.terminate (file:///home/yanyi/.vscode-server/bin/912bb683695358a54ae0c670461738984cbb5b95/out/vs/workbench/api/node/extensionHostProcess.js:119:1424)
	at Zi (file:///home/yanyi/.vscode-server/bin/912bb683695358a54ae0c670461738984cbb5b95/out/vs/workbench/api/node/extensionHostProcess.js:174:15063)
	at mh.value (file:///home/yanyi/.vscode-server/bin/912bb683695358a54ae0c670461738984cbb5b95/out/vs/workbench/api/node/extensionHostProcess.js:174:13224)
	at P.B (file:///home/yanyi/.vscode-server/bin/912bb683695358a54ae0c670461738984cbb5b95/out/vs/workbench/api/node/extensionHostProcess.js:29:746)
	at P.fire (file:///home/yanyi/.vscode-server/bin/912bb683695358a54ae0c670461738984cbb5b95/out/vs/workbench/api/node/extensionHostProcess.js:29:964)
	at Vn.fire (file:///home/yanyi/.vscode-server/bin/912bb683695358a54ae0c670461738984cbb5b95/out/vs/workbench/api/node/extensionHostProcess.js:31:9457)
	at Fm.A (file:///home/yanyi/.vscode-server/bin/912bb683695358a54ae0c670461738984cbb5b95/out/vs/workbench/api/node/extensionHostProcess.js:31:12573)
	at mh.value (file:///home/yanyi/.vscode-server/bin/912bb683695358a54ae0c670461738984cbb5b95/out/vs/workbench/api/node/extensionHostProcess.js:31:10993)
	at P.B (file:///home/yanyi/.vscode-server/bin/912bb683695358a54ae0c670461738984cbb5b95/out/vs/workbench/api/node/extensionHostProcess.js:29:746)
	at P.fire (file:///home/yanyi/.vscode-server/bin/912bb683695358a54ae0c670461738984cbb5b95/out/vs/workbench/api/node/extensionHostProcess.js:29:964)
	at j5.acceptChunk (file:///home/yanyi/.vscode-server/bin/912bb683695358a54ae0c670461738984cbb5b95/out/vs/workbench/api/node/extensionHostProcess.js:31:7940)
	at mh.value (file:///home/yanyi/.vscode-server/bin/912bb683695358a54ae0c670461738984cbb5b95/out/vs/workbench/api/node/extensionHostProcess.js:31:7226)
	at P.B (file:///home/yanyi/.vscode-server/bin/912bb683695358a54ae0c670461738984cbb5b95/out/vs/workbench/api/node/extensionHostProcess.js:29:746)
	at P.fire (file:///home/yanyi/.vscode-server/bin/912bb683695358a54ae0c670461738984cbb5b95/out/vs/workbench/api/node/extensionHostProcess.js:29:964)
	at V2.z (file:///home/yanyi/.vscode-server/bin/912bb683695358a54ae0c670461738984cbb5b95/out/vs/workbench/api/node/extensionHostProcess.js:31:21944)
	at V2.acceptFrame (file:///home/yanyi/.vscode-server/bin/912bb683695358a54ae0c670461738984cbb5b95/out/vs/workbench/api/node/extensionHostProcess.js:31:21750)
	at W2.n (file:///home/yanyi/.vscode-server/bin/912bb683695358a54ae0c670461738984cbb5b95/out/vs/workbench/api/node/extensionHostProcess.js:31:20278)
	at file:///home/yanyi/.vscode-server/bin/912bb683695358a54ae0c670461738984cbb5b95/out/vs/workbench/api/node/extensionHostProcess.js:31:17510
	at Socket.t (file:///home/yanyi/.vscode-server/bin/912bb683695358a54ae0c670461738984cbb5b95/out/vs/workbench/api/node/extensionHostProcess.js:31:15451)
	at Socket.emit (node:events:519:28)
	at addChunk (node:internal/streams/readable:559:12)
	at readableAddChunkPushByteMode (node:internal/streams/readable:510:3)
	at Readable.push (node:internal/streams/readable:390:5)
	at TCP.onStreamRead (node:internal/stream_base_commons:191:23) setContext undefined
2024-11-01 01:29:33.944 [error] Canceled: Canceled
	at Pc (file:///home/yanyi/.vscode-server/bin/912bb683695358a54ae0c670461738984cbb5b95/out/vs/workbench/api/node/extensionHostProcess.js:7:1122)
	at file:///home/yanyi/.vscode-server/bin/912bb683695358a54ae0c670461738984cbb5b95/out/vs/workbench/api/node/extensionHostProcess.js:31:152517
	at Array.forEach (<anonymous>)
	at py.dispose (file:///home/yanyi/.vscode-server/bin/912bb683695358a54ae0c670461738984cbb5b95/out/vs/workbench/api/node/extensionHostProcess.js:31:152457)
	at _z.terminate (file:///home/yanyi/.vscode-server/bin/912bb683695358a54ae0c670461738984cbb5b95/out/vs/workbench/api/node/extensionHostProcess.js:118:10082)
	at xC.terminate (file:///home/yanyi/.vscode-server/bin/912bb683695358a54ae0c670461738984cbb5b95/out/vs/workbench/api/node/extensionHostProcess.js:119:1424)
	at Zi (file:///home/yanyi/.vscode-server/bin/912bb683695358a54ae0c670461738984cbb5b95/out/vs/workbench/api/node/extensionHostProcess.js:174:15063)
	at mh.value (file:///home/yanyi/.vscode-server/bin/912bb683695358a54ae0c670461738984cbb5b95/out/vs/workbench/api/node/extensionHostProcess.js:174:13224)
	at P.B (file:///home/yanyi/.vscode-server/bin/912bb683695358a54ae0c670461738984cbb5b95/out/vs/workbench/api/node/extensionHostProcess.js:29:746)
	at P.fire (file:///home/yanyi/.vscode-server/bin/912bb683695358a54ae0c670461738984cbb5b95/out/vs/workbench/api/node/extensionHostProcess.js:29:964)
	at Vn.fire (file:///home/yanyi/.vscode-server/bin/912bb683695358a54ae0c670461738984cbb5b95/out/vs/workbench/api/node/extensionHostProcess.js:31:9457)
	at Fm.A (file:///home/yanyi/.vscode-server/bin/912bb683695358a54ae0c670461738984cbb5b95/out/vs/workbench/api/node/extensionHostProcess.js:31:12573)
	at mh.value (file:///home/yanyi/.vscode-server/bin/912bb683695358a54ae0c670461738984cbb5b95/out/vs/workbench/api/node/extensionHostProcess.js:31:10993)
	at P.B (file:///home/yanyi/.vscode-server/bin/912bb683695358a54ae0c670461738984cbb5b95/out/vs/workbench/api/node/extensionHostProcess.js:29:746)
	at P.fire (file:///home/yanyi/.vscode-server/bin/912bb683695358a54ae0c670461738984cbb5b95/out/vs/workbench/api/node/extensionHostProcess.js:29:964)
	at j5.acceptChunk (file:///home/yanyi/.vscode-server/bin/912bb683695358a54ae0c670461738984cbb5b95/out/vs/workbench/api/node/extensionHostProcess.js:31:7940)
	at mh.value (file:///home/yanyi/.vscode-server/bin/912bb683695358a54ae0c670461738984cbb5b95/out/vs/workbench/api/node/extensionHostProcess.js:31:7226)
	at P.B (file:///home/yanyi/.vscode-server/bin/912bb683695358a54ae0c670461738984cbb5b95/out/vs/workbench/api/node/extensionHostProcess.js:29:746)
	at P.fire (file:///home/yanyi/.vscode-server/bin/912bb683695358a54ae0c670461738984cbb5b95/out/vs/workbench/api/node/extensionHostProcess.js:29:964)
	at V2.z (file:///home/yanyi/.vscode-server/bin/912bb683695358a54ae0c670461738984cbb5b95/out/vs/workbench/api/node/extensionHostProcess.js:31:21944)
	at V2.acceptFrame (file:///home/yanyi/.vscode-server/bin/912bb683695358a54ae0c670461738984cbb5b95/out/vs/workbench/api/node/extensionHostProcess.js:31:21750)
	at W2.n (file:///home/yanyi/.vscode-server/bin/912bb683695358a54ae0c670461738984cbb5b95/out/vs/workbench/api/node/extensionHostProcess.js:31:20278)
	at file:///home/yanyi/.vscode-server/bin/912bb683695358a54ae0c670461738984cbb5b95/out/vs/workbench/api/node/extensionHostProcess.js:31:17510
	at Socket.t (file:///home/yanyi/.vscode-server/bin/912bb683695358a54ae0c670461738984cbb5b95/out/vs/workbench/api/node/extensionHostProcess.js:31:15451)
	at Socket.emit (node:events:519:28)
	at addChunk (node:internal/streams/readable:559:12)
	at readableAddChunkPushByteMode (node:internal/streams/readable:510:3)
	at Readable.push (node:internal/streams/readable:390:5)
	at TCP.onStreamRead (node:internal/stream_base_commons:191:23) setContext undefined
2024-11-01 01:29:33.945 [error] Canceled: Canceled
	at Pc (file:///home/yanyi/.vscode-server/bin/912bb683695358a54ae0c670461738984cbb5b95/out/vs/workbench/api/node/extensionHostProcess.js:7:1122)
	at file:///home/yanyi/.vscode-server/bin/912bb683695358a54ae0c670461738984cbb5b95/out/vs/workbench/api/node/extensionHostProcess.js:31:152517
	at Array.forEach (<anonymous>)
	at py.dispose (file:///home/yanyi/.vscode-server/bin/912bb683695358a54ae0c670461738984cbb5b95/out/vs/workbench/api/node/extensionHostProcess.js:31:152457)
	at _z.terminate (file:///home/yanyi/.vscode-server/bin/912bb683695358a54ae0c670461738984cbb5b95/out/vs/workbench/api/node/extensionHostProcess.js:118:10082)
	at xC.terminate (file:///home/yanyi/.vscode-server/bin/912bb683695358a54ae0c670461738984cbb5b95/out/vs/workbench/api/node/extensionHostProcess.js:119:1424)
	at Zi (file:///home/yanyi/.vscode-server/bin/912bb683695358a54ae0c670461738984cbb5b95/out/vs/workbench/api/node/extensionHostProcess.js:174:15063)
	at mh.value (file:///home/yanyi/.vscode-server/bin/912bb683695358a54ae0c670461738984cbb5b95/out/vs/workbench/api/node/extensionHostProcess.js:174:13224)
	at P.B (file:///home/yanyi/.vscode-server/bin/912bb683695358a54ae0c670461738984cbb5b95/out/vs/workbench/api/node/extensionHostProcess.js:29:746)
	at P.fire (file:///home/yanyi/.vscode-server/bin/912bb683695358a54ae0c670461738984cbb5b95/out/vs/workbench/api/node/extensionHostProcess.js:29:964)
	at Vn.fire (file:///home/yanyi/.vscode-server/bin/912bb683695358a54ae0c670461738984cbb5b95/out/vs/workbench/api/node/extensionHostProcess.js:31:9457)
	at Fm.A (file:///home/yanyi/.vscode-server/bin/912bb683695358a54ae0c670461738984cbb5b95/out/vs/workbench/api/node/extensionHostProcess.js:31:12573)
	at mh.value (file:///home/yanyi/.vscode-server/bin/912bb683695358a54ae0c670461738984cbb5b95/out/vs/workbench/api/node/extensionHostProcess.js:31:10993)
	at P.B (file:///home/yanyi/.vscode-server/bin/912bb683695358a54ae0c670461738984cbb5b95/out/vs/workbench/api/node/extensionHostProcess.js:29:746)
	at P.fire (file:///home/yanyi/.vscode-server/bin/912bb683695358a54ae0c670461738984cbb5b95/out/vs/workbench/api/node/extensionHostProcess.js:29:964)
	at j5.acceptChunk (file:///home/yanyi/.vscode-server/bin/912bb683695358a54ae0c670461738984cbb5b95/out/vs/workbench/api/node/extensionHostProcess.js:31:7940)
	at mh.value (file:///home/yanyi/.vscode-server/bin/912bb683695358a54ae0c670461738984cbb5b95/out/vs/workbench/api/node/extensionHostProcess.js:31:7226)
	at P.B (file:///home/yanyi/.vscode-server/bin/912bb683695358a54ae0c670461738984cbb5b95/out/vs/workbench/api/node/extensionHostProcess.js:29:746)
	at P.fire (file:///home/yanyi/.vscode-server/bin/912bb683695358a54ae0c670461738984cbb5b95/out/vs/workbench/api/node/extensionHostProcess.js:29:964)
	at V2.z (file:///home/yanyi/.vscode-server/bin/912bb683695358a54ae0c670461738984cbb5b95/out/vs/workbench/api/node/extensionHostProcess.js:31:21944)
	at V2.acceptFrame (file:///home/yanyi/.vscode-server/bin/912bb683695358a54ae0c670461738984cbb5b95/out/vs/workbench/api/node/extensionHostProcess.js:31:21750)
	at W2.n (file:///home/yanyi/.vscode-server/bin/912bb683695358a54ae0c670461738984cbb5b95/out/vs/workbench/api/node/extensionHostProcess.js:31:20278)
	at file:///home/yanyi/.vscode-server/bin/912bb683695358a54ae0c670461738984cbb5b95/out/vs/workbench/api/node/extensionHostProcess.js:31:17510
	at Socket.t (file:///home/yanyi/.vscode-server/bin/912bb683695358a54ae0c670461738984cbb5b95/out/vs/workbench/api/node/extensionHostProcess.js:31:15451)
	at Socket.emit (node:events:519:28)
	at addChunk (node:internal/streams/readable:559:12)
	at readableAddChunkPushByteMode (node:internal/streams/readable:510:3)
	at Readable.push (node:internal/streams/readable:390:5)
	at TCP.onStreamRead (node:internal/stream_base_commons:191:23) setContext undefined
2024-11-01 01:29:33.946 [error] ProxyResolver#addCertificatesV1 Canceled: Canceled
	at new tT (file:///home/yanyi/.vscode-server/bin/912bb683695358a54ae0c670461738984cbb5b95/out/vs/workbench/api/node/extensionHostProcess.js:31:151066)
	at py.U (file:///home/yanyi/.vscode-server/bin/912bb683695358a54ae0c670461738984cbb5b95/out/vs/workbench/api/node/extensionHostProcess.js:31:155676)
	at s.<computed>.n.charCodeAt.s.<computed> (file:///home/yanyi/.vscode-server/bin/912bb683695358a54ae0c670461738984cbb5b95/out/vs/workbench/api/node/extensionHostProcess.js:31:153170)
	at L0.loadCertificates (file:///home/yanyi/.vscode-server/bin/912bb683695358a54ae0c670461738984cbb5b95/out/vs/workbench/api/node/extensionHostProcess.js:109:54125)
	at Object.loadAdditionalCertificates (file:///home/yanyi/.vscode-server/bin/912bb683695358a54ae0c670461738984cbb5b95/out/vs/workbench/api/node/extensionHostProcess.js:158:2086)
	at /home/yanyi/.vscode-server/bin/912bb683695358a54ae0c670461738984cbb5b95/node_modules/@vscode/proxy-agent/out/index.js:499:53
	at Generator.next (<anonymous>)
	at /home/yanyi/.vscode-server/bin/912bb683695358a54ae0c670461738984cbb5b95/node_modules/@vscode/proxy-agent/out/index.js:35:71
	at new Promise (<anonymous>)
	at __awaiter (/home/yanyi/.vscode-server/bin/912bb683695358a54ae0c670461738984cbb5b95/node_modules/@vscode/proxy-agent/out/index.js:31:12)
	at /home/yanyi/.vscode-server/bin/912bb683695358a54ae0c670461738984cbb5b95/node_modules/@vscode/proxy-agent/out/index.js:498:43
	at /home/yanyi/.vscode-server/bin/912bb683695358a54ae0c670461738984cbb5b95/node_modules/@vscode/proxy-agent/out/index.js:500:16
	at Generator.next (<anonymous>)
	at /home/yanyi/.vscode-server/bin/912bb683695358a54ae0c670461738984cbb5b95/node_modules/@vscode/proxy-agent/out/index.js:35:71
	at new Promise (<anonymous>)
	at __awaiter (/home/yanyi/.vscode-server/bin/912bb683695358a54ae0c670461738984cbb5b95/node_modules/@vscode/proxy-agent/out/index.js:31:12)
	at getOrLoadAdditionalCertificates (/home/yanyi/.vscode-server/bin/912bb683695358a54ae0c670461738984cbb5b95/node_modules/@vscode/proxy-agent/out/index.js:496:12)
	at addCertificatesV1 (/home/yanyi/.vscode-server/bin/912bb683695358a54ae0c670461738984cbb5b95/node_modules/@vscode/proxy-agent/out/index.js:480:9)
	at resolveProxy (/home/yanyi/.vscode-server/bin/912bb683695358a54ae0c670461738984cbb5b95/node_modules/@vscode/proxy-agent/out/index.js:113:9)
	at /home/yanyi/.vscode-server/bin/912bb683695358a54ae0c670461738984cbb5b95/node_modules/@vscode/proxy-agent/out/index.js:325:77
	at new Promise (<anonymous>)
	at _PacProxyAgent.resolveP [as resolver] (/home/yanyi/.vscode-server/bin/912bb683695358a54ae0c670461738984cbb5b95/node_modules/@vscode/proxy-agent/out/index.js:325:54)
	at _PacProxyAgent.<anonymous> (/home/yanyi/.vscode-server/bin/912bb683695358a54ae0c670461738984cbb5b95/node_modules/@vscode/proxy-agent/out/agent.js:70:37)
	at Generator.next (<anonymous>)
	at /home/yanyi/.vscode-server/bin/912bb683695358a54ae0c670461738984cbb5b95/node_modules/@vscode/proxy-agent/out/agent.js:8:71
	at new Promise (<anonymous>)
	at __awaiter (/home/yanyi/.vscode-server/bin/912bb683695358a54ae0c670461738984cbb5b95/node_modules/@vscode/proxy-agent/out/agent.js:4:12)
	at _PacProxyAgent.connect (/home/yanyi/.vscode-server/bin/912bb683695358a54ae0c670461738984cbb5b95/node_modules/@vscode/proxy-agent/out/agent.js:52:16)
	at /home/yanyi/.vscode-server/bin/912bb683695358a54ae0c670461738984cbb5b95/node_modules/agent-base/dist/index.js:132:30
	at process.processTicksAndRejections (node:internal/process/task_queues:95:5)
2024-11-01 01:29:33.949 [info] Extension host with pid 1169 exiting with code 0
