2024-11-01 01:29:51.653 [info] Extension host with pid 1456 started
2024-11-01 01:29:51.685 [info] Lock '/home/yanyi/.vscode-server/data/User/workspaceStorage/adc695ad7c8f74750f371604b7f3c729/vscode.lock': Lock acquired.
2024-11-01 01:29:51.792 [info] ExtensionService#_doActivateExtension vscode.git-base, startup: true, activationEvent: '*', root cause: vscode.git
2024-11-01 01:29:51.936 [info] ExtensionService#_doActivateExtension vscode.git, startup: true, activationEvent: '*'
2024-11-01 01:29:51.937 [info] ExtensionService#_doActivateExtension vscode.github, startup: true, activationEvent: '*'
2024-11-01 01:29:52.539 [info] Eager extensions activated
2024-11-01 01:29:52.544 [info] ExtensionService#_doActivateExtension vscode.debug-auto-launch, startup: false, activationEvent: 'onStartupFinished'
2024-11-01 01:29:52.545 [info] ExtensionService#_doActivateExtension vscode.merge-conflict, startup: false, activationEvent: 'onStartupFinished'
2024-11-01 01:29:53.893 [info] ExtensionService#_doActivateExtension vscode.tunnel-forwarding, startup: false, activationEvent: 'onTunnel'
2024-11-01 01:29:56.445 [info] ExtensionService#_doActivateExtension vscode.emmet, startup: false, activationEvent: 'onLanguage'
2024-11-01 01:30:16.556 [info] ExtensionService#_doActivateExtension vscode.npm, startup: false, activationEvent: 'onTerminalQuickFixRequest:ms-vscode.npm-command'
2024-11-01 01:30:21.879 [info] ExtensionService#_doActivateExtension vscode.configuration-editing, startup: false, activationEvent: 'onLanguage:json'
2024-11-01 01:30:21.880 [info] ExtensionService#_doActivateExtension vscode.extension-editing, startup: false, activationEvent: 'onLanguage:json'
2024-11-01 01:30:21.881 [info] ExtensionService#_doActivateExtension vscode.json-language-features, startup: false, activationEvent: 'onLanguage:json'
2024-11-01 01:33:53.682 [warning] [Decorations] CAPPING events from decorations provider vscode.git 1463
2024-11-01 01:33:54.057 [warning] [Decorations] CAPPING events from decorations provider vscode.git 1463
2024-11-01 01:34:00.547 [warning] [Decorations] CAPPING events from decorations provider vscode.git 1463
2024-11-01 01:34:05.595 [warning] [Decorations] CAPPING events from decorations provider vscode.git 1463
2024-11-01 01:34:51.957 [warning] [Decorations] CAPPING events from decorations provider vscode.git 1463
2024-11-01 01:35:33.021 [warning] [Decorations] CAPPING events from decorations provider vscode.git 1463
2024-11-01 01:35:38.053 [warning] [Decorations] CAPPING events from decorations provider vscode.git 1463
2024-11-01 01:36:19.584 [warning] [Decorations] CAPPING events from decorations provider vscode.git 1463
2024-11-01 01:36:24.618 [warning] [Decorations] CAPPING events from decorations provider vscode.git 1463
2024-11-01 01:36:29.659 [warning] [Decorations] CAPPING events from decorations provider vscode.git 1463
2024-11-01 01:36:34.690 [warning] [Decorations] CAPPING events from decorations provider vscode.git 1463
2024-11-01 01:36:42.244 [warning] [Decorations] CAPPING events from decorations provider vscode.git 1463
2024-11-01 01:36:47.283 [warning] [Decorations] CAPPING events from decorations provider vscode.git 1463
2024-11-01 01:37:12.675 [warning] [Decorations] CAPPING events from decorations provider vscode.git 1463
2024-11-01 01:37:17.703 [warning] [Decorations] CAPPING events from decorations provider vscode.git 1463
2024-11-01 01:37:22.736 [warning] [Decorations] CAPPING events from decorations provider vscode.git 1464
2024-11-01 01:37:27.785 [warning] [Decorations] CAPPING events from decorations provider vscode.git 1464
2024-11-01 01:37:32.814 [warning] [Decorations] CAPPING events from decorations provider vscode.git 1464
2024-11-01 01:38:23.543 [warning] [Decorations] CAPPING events from decorations provider vscode.git 1464
2024-11-01 01:38:28.576 [warning] [Decorations] CAPPING events from decorations provider vscode.git 1464
2024-11-01 01:38:33.618 [warning] [Decorations] CAPPING events from decorations provider vscode.git 1464
2024-11-01 01:38:38.657 [warning] [Decorations] CAPPING events from decorations provider vscode.git 1464
2024-11-01 01:38:54.912 [warning] [Decorations] CAPPING events from decorations provider vscode.git 1464
2024-11-01 01:38:59.965 [warning] [Decorations] CAPPING events from decorations provider vscode.git 1464
2024-11-01 01:39:04.994 [warning] [Decorations] CAPPING events from decorations provider vscode.git 1464
2024-11-01 01:39:10.021 [warning] [Decorations] CAPPING events from decorations provider vscode.git 1464
2024-11-01 01:39:15.052 [warning] [Decorations] CAPPING events from decorations provider vscode.git 1464
2024-11-01 01:39:40.854 [warning] [Decorations] CAPPING events from decorations provider vscode.git 1464
2024-11-01 01:39:45.895 [warning] [Decorations] CAPPING events from decorations provider vscode.git 1464
2024-11-01 01:39:57.455 [warning] [Decorations] CAPPING events from decorations provider vscode.git 1464
2024-11-01 01:40:02.488 [warning] [Decorations] CAPPING events from decorations provider vscode.git 1464
2024-11-01 01:40:07.516 [warning] [Decorations] CAPPING events from decorations provider vscode.git 1464
2024-11-01 01:40:12.545 [warning] [Decorations] CAPPING events from decorations provider vscode.git 1464
2024-11-01 01:40:22.995 [warning] [Decorations] CAPPING events from decorations provider vscode.git 1464
2024-11-01 01:40:28.024 [warning] [Decorations] CAPPING events from decorations provider vscode.git 1464
2024-11-01 01:40:33.060 [warning] [Decorations] CAPPING events from decorations provider vscode.git 1464
2024-11-01 01:40:48.007 [warning] [Decorations] CAPPING events from decorations provider vscode.git 1464
2024-11-01 01:40:53.034 [warning] [Decorations] CAPPING events from decorations provider vscode.git 1464
2024-11-01 01:41:05.260 [warning] [Decorations] CAPPING events from decorations provider vscode.git 1464
2024-11-01 01:41:06.091 [warning] [Decorations] CAPPING events from decorations provider vscode.git 1465
2024-11-01 01:41:10.299 [warning] [Decorations] CAPPING events from decorations provider vscode.git 1465
2024-11-01 01:41:15.763 [warning] [Decorations] CAPPING events from decorations provider vscode.git 1465
2024-11-01 01:41:18.143 [warning] [Decorations] CAPPING events from decorations provider vscode.git 1465
2024-11-01 01:41:20.805 [warning] [Decorations] CAPPING events from decorations provider vscode.git 1465
2024-11-01 01:41:25.834 [warning] [Decorations] CAPPING events from decorations provider vscode.git 1465
2024-11-01 01:41:35.606 [warning] [Decorations] CAPPING events from decorations provider vscode.git 1465
2024-11-01 01:41:40.743 [warning] [Decorations] CAPPING events from decorations provider vscode.git 1465
2024-11-01 01:41:53.350 [warning] [Decorations] CAPPING events from decorations provider vscode.git 1465
2024-11-01 01:41:58.394 [warning] [Decorations] CAPPING events from decorations provider vscode.git 1465
2024-11-01 01:41:59.394 [warning] [Decorations] CAPPING events from decorations provider vscode.git 1465
2024-11-01 01:42:04.967 [warning] [Decorations] CAPPING events from decorations provider vscode.git 1465
2024-11-01 01:42:10.001 [warning] [Decorations] CAPPING events from decorations provider vscode.git 1465
2024-11-01 01:42:15.029 [warning] [Decorations] CAPPING events from decorations provider vscode.git 1465
2024-11-01 01:42:29.634 [warning] [Decorations] CAPPING events from decorations provider vscode.git 1465
2024-11-01 01:42:34.667 [warning] [Decorations] CAPPING events from decorations provider vscode.git 1465
2024-11-01 01:42:39.698 [warning] [Decorations] CAPPING events from decorations provider vscode.git 1465
2024-11-01 01:42:45.707 [warning] [Decorations] CAPPING events from decorations provider vscode.git 1465
2024-11-01 01:42:50.738 [warning] [Decorations] CAPPING events from decorations provider vscode.git 1465
2024-11-01 01:42:55.764 [warning] [Decorations] CAPPING events from decorations provider vscode.git 1465
2024-11-01 01:43:00.801 [warning] [Decorations] CAPPING events from decorations provider vscode.git 1465
2024-11-01 01:43:05.830 [warning] [Decorations] CAPPING events from decorations provider vscode.git 1465
2024-11-01 01:43:11.665 [warning] [Decorations] CAPPING events from decorations provider vscode.git 1465
2024-11-01 01:43:16.690 [warning] [Decorations] CAPPING events from decorations provider vscode.git 1465
2024-11-01 01:43:21.849 [warning] [Decorations] CAPPING events from decorations provider vscode.git 1465
2024-11-01 01:43:26.884 [warning] [Decorations] CAPPING events from decorations provider vscode.git 1465
2024-11-01 01:43:31.925 [warning] [Decorations] CAPPING events from decorations provider vscode.git 1465
2024-11-01 01:43:36.955 [warning] [Decorations] CAPPING events from decorations provider vscode.git 1465
2024-11-01 01:43:42.419 [warning] [Decorations] CAPPING events from decorations provider vscode.git 1465
2024-11-01 01:43:47.459 [warning] [Decorations] CAPPING events from decorations provider vscode.git 1465
2024-11-01 01:43:52.485 [warning] [Decorations] CAPPING events from decorations provider vscode.git 1465
2024-11-01 01:43:57.512 [warning] [Decorations] CAPPING events from decorations provider vscode.git 1465
2024-11-01 01:44:02.539 [warning] [Decorations] CAPPING events from decorations provider vscode.git 1465
2024-11-01 01:44:07.577 [warning] [Decorations] CAPPING events from decorations provider vscode.git 1465
2024-11-01 01:44:12.613 [warning] [Decorations] CAPPING events from decorations provider vscode.git 1465
2024-11-01 01:44:17.640 [warning] [Decorations] CAPPING events from decorations provider vscode.git 1465
2024-11-01 01:44:22.668 [warning] [Decorations] CAPPING events from decorations provider vscode.git 1465
2024-11-01 01:44:27.697 [warning] [Decorations] CAPPING events from decorations provider vscode.git 1465
2024-11-01 01:44:32.724 [warning] [Decorations] CAPPING events from decorations provider vscode.git 1465
2024-11-01 01:44:37.750 [warning] [Decorations] CAPPING events from decorations provider vscode.git 1465
2024-11-01 01:44:42.789 [warning] [Decorations] CAPPING events from decorations provider vscode.git 1465
2024-11-01 01:44:47.821 [warning] [Decorations] CAPPING events from decorations provider vscode.git 1465
2024-11-01 01:44:52.847 [warning] [Decorations] CAPPING events from decorations provider vscode.git 1465
2024-11-01 01:44:57.874 [warning] [Decorations] CAPPING events from decorations provider vscode.git 1465
2024-11-01 01:45:02.902 [warning] [Decorations] CAPPING events from decorations provider vscode.git 1465
2024-11-01 01:45:07.928 [warning] [Decorations] CAPPING events from decorations provider vscode.git 1465
2024-11-01 01:45:13.323 [warning] [Decorations] CAPPING events from decorations provider vscode.git 1465
2024-11-01 01:45:18.354 [warning] [Decorations] CAPPING events from decorations provider vscode.git 1465
2024-11-01 01:45:23.383 [warning] [Decorations] CAPPING events from decorations provider vscode.git 1465
2024-11-01 01:45:28.408 [warning] [Decorations] CAPPING events from decorations provider vscode.git 1465
2024-11-01 01:45:33.435 [warning] [Decorations] CAPPING events from decorations provider vscode.git 1465
2024-11-01 01:45:38.465 [warning] [Decorations] CAPPING events from decorations provider vscode.git 1465
2024-11-01 01:46:07.398 [warning] [Decorations] CAPPING events from decorations provider vscode.git 1465
2024-11-01 01:46:14.382 [warning] [Decorations] CAPPING events from decorations provider vscode.git 1465
2024-11-01 01:46:33.975 [warning] [Decorations] CAPPING events from decorations provider vscode.git 1465
2024-11-01 01:46:35.004 [warning] [Decorations] CAPPING events from decorations provider vscode.git 1465
2024-11-01 01:46:39.003 [warning] [Decorations] CAPPING events from decorations provider vscode.git 1465
2024-11-01 01:46:48.156 [warning] [Decorations] CAPPING events from decorations provider vscode.git 1465
2024-11-01 01:46:49.681 [warning] [Decorations] CAPPING events from decorations provider vscode.git 1465
2024-11-01 01:46:53.197 [warning] [Decorations] CAPPING events from decorations provider vscode.git 1465
2024-11-01 01:46:59.404 [warning] [Decorations] CAPPING events from decorations provider vscode.git 1465
2024-11-01 01:47:04.433 [warning] [Decorations] CAPPING events from decorations provider vscode.git 1465
2024-11-01 01:47:09.471 [warning] [Decorations] CAPPING events from decorations provider vscode.git 1465
2024-11-01 01:47:16.037 [warning] [Decorations] CAPPING events from decorations provider vscode.git 1465
2024-11-01 01:47:21.068 [warning] [Decorations] CAPPING events from decorations provider vscode.git 1465
2024-11-01 01:47:26.103 [warning] [Decorations] CAPPING events from decorations provider vscode.git 1465
2024-11-01 01:47:31.130 [warning] [Decorations] CAPPING events from decorations provider vscode.git 1465
2024-11-01 01:47:53.036 [warning] [Decorations] CAPPING events from decorations provider vscode.git 1465
2024-11-01 01:48:02.776 [warning] [Decorations] CAPPING events from decorations provider vscode.git 1465
2024-11-01 01:48:14.828 [warning] [Decorations] CAPPING events from decorations provider vscode.git 1465
2024-11-01 01:48:19.875 [warning] [Decorations] CAPPING events from decorations provider vscode.git 1465
2024-11-01 01:48:57.709 [warning] [Decorations] CAPPING events from decorations provider vscode.git 1465
2024-11-01 01:48:58.714 [warning] [Decorations] CAPPING events from decorations provider vscode.git 1465
2024-11-01 01:49:02.764 [warning] [Decorations] CAPPING events from decorations provider vscode.git 1465
2024-11-01 01:49:11.997 [warning] [Decorations] CAPPING events from decorations provider vscode.git 1465
2024-11-01 01:49:17.032 [warning] [Decorations] CAPPING events from decorations provider vscode.git 1465
2024-11-01 01:49:33.314 [warning] [Decorations] CAPPING events from decorations provider vscode.git 1465
2024-11-01 01:49:38.389 [warning] [Decorations] CAPPING events from decorations provider vscode.git 1465
